==23767== Memcheck, a memory error detector
==23767== Copyright (C) 2002-2011, and GNU GPL'd, by Julian Seward et al.
==23767== Using Valgrind-3.7.0 and LibVEX; rerun with -h for copyright info
==23767== Command: RunVoting
==23767== 
Elia Loe

Renata Kinslow

Hyun Desmond

Adelia Klahn

Suzi Carreira

Malena Ordonez

Gisela Newlin

Amelia Storch

Letisha Rideout

Sanjuana Plumley

Amelia Storch

Cassaundra Melrose

Amelia Storch

Arden Crege

Amelia Storch

Hyun Desmond

Hyun Desmond

Renata Kinslow

Amelia Storch

Amelia Storch

==23767== 
==23767== HEAP SUMMARY:
==23767==     in use at exit: 122,880 bytes in 6 blocks
==23767==   total heap usage: 1,259 allocs, 1,253 frees, 192,520 bytes allocated
==23767== 
==23767== LEAK SUMMARY:
==23767==    definitely lost: 0 bytes in 0 blocks
==23767==    indirectly lost: 0 bytes in 0 blocks
==23767==      possibly lost: 0 bytes in 0 blocks
==23767==    still reachable: 122,880 bytes in 6 blocks
==23767==         suppressed: 0 bytes in 0 blocks
==23767== Rerun with --leak-check=full to see details of leaked memory
==23767== 
==23767== For counts of detected and suppressed errors, rerun with: -v
==23767== ERROR SUMMARY: 0 errors from 0 contexts (suppressed: 2 from 2)
