Number of candidates 7
lacerate-it leonidas
dismantle-it derick
annihilate-it arthur
bulldoze-it bentlee
bruise-it brooks
exterminate-it enrique
pummel-it payton
dismantle-it derick

Number of candidates 9
eliminate-it edward
crush-it cassius
fell-it finnegan
squash-it samuel
total-it ty
obliterate-it obediah
erase-it edgar
waste-it wilson
trash-it teagan
fell-it finnegan

Number of candidates 13
clobber-it chad
annihilate-it abram
devastate-it dominique
crack-it case
crash-it colten
waste-it warren
fell-it fisher
pummel-it pablo
abolish-it aaden
raze-it rohan
liquidate-it liam
eliminate-it edward
expunge-it eric
clobber-it chad

Number of candidates 18
decimate-it dallas
shatter-it semaj
level-it leland
eliminate-it ezekiel
mangle-it malcolm
demolish-it deandre
maul-it maximo
squash-it stefan
dash-it david
liquidate-it lennox
annihilate-it aydin
smash-it simon
eradicate-it easton
devastate-it deegan
flatten-it felix
disfigure-it dustin
bruise-it branden
bulldoze-it brogan
bruise-it branden

Number of candidates 18
mangle-it micah
expunge-it elisha
exterminate-it elliot
collapse-it cade
crack-it colton
demolish-it donovan
squash-it sidney
destroy-it devan
shatter-it sterling
pound-it preston
raze-it reid
ruin-it robert
lacerate-it leonardo
decimate-it derek
waste-it wyatt
disfigure-it deacon
eradicate-it ernesto
eliminate-it evan
mangle-it micah
destroy-it devan

Number of candidates 3
Radar O'Reilly
John Mulcahy
Joey Tribbiani
Radar O'Reilly

Number of candidates 5
Radar O'Reilly
John Mulcahy
BJ Honeycutt
Rachel Green
Duke Forrest
John Mulcahy

Number of candidates 4
Hawkeye Pierce
Rachel Green
Henry Blake
Radar O'Reilly
Hawkeye Pierce

Number of candidates 7
Joey Tribbiani
BJ Honeycutt
Hawkeye Pierce
Radar O'Reilly
Phoebe Buffay
Rachel Green
Frank Burns
Radar O'Reilly

Number of candidates 8
Monica Geller
Radar O'Reilly
Hawkeye Pierce
Rachel Green
Henry Blake
Phoebe Buffay
John Mulcahy
John McIntyre
Monica Geller

Number of candidates 4
Monica Geller
Phoebe Buffay
John McIntyre
Rachel Green
Monica Geller

Number of candidates 4
Hawkeye Pierce
Radar O'Reilly
Phoebe Buffay
Frank Burns
Radar O'Reilly

Number of candidates 6
Monica Geller
John McIntyre
Joey Tribbiani
Henry Blake
Rachel Green
Hawkeye Pierce
Monica Geller

Number of candidates 10
John Mulcahy
John McIntyre
Henry Blake
Duke Forrest
BJ Honeycutt
Joey Tribbiani
Hawkeye Pierce
Radar O'Reilly
Monica Geller
Rachel Green
BJ Honeycutt

Number of candidates 10
Joey Tribbiani
Duke Forrest
Henry Blake
Rachel Green
BJ Honeycutt
Monica Geller
Frank Burns
Hawkeye Pierce
Phoebe Buffay
John Mulcahy
Duke Forrest

Number of candidates 4
John Mulcahy
Frank Burns
Radar O'Reilly
Joey Tribbiani
John Mulcahy

Number of candidates 4
Henry Blake
Joey Tribbiani
Rachel Green
Phoebe Buffay
Joey Tribbiani

Number of candidates 4
John McIntyre
BJ Honeycutt
Monica Geller
John Mulcahy
BJ Honeycutt

Number of candidates 6
Hawkeye Pierce
Phoebe Buffay
John McIntyre
Joey Tribbiani
Henry Blake
Rachel Green
John McIntyre

Number of candidates 7
Henry Blake
BJ Honeycutt
Monica Geller
Hawkeye Pierce
Phoebe Buffay
Radar O'Reilly
John Mulcahy
BJ Honeycutt

Number of candidates 6
Joey Tribbiani
Phoebe Buffay
BJ Honeycutt
Radar O'Reilly
John Mulcahy
Hawkeye Pierce
Joey Tribbiani

Number of candidates 10
John McIntyre
BJ Honeycutt
Radar O'Reilly
Rachel Green
Frank Burns
Monica Geller
Joey Tribbiani
John Mulcahy
Hawkeye Pierce
Phoebe Buffay
John Mulcahy

Number of candidates 7
Phoebe Buffay
BJ Honeycutt
Rachel Green
John McIntyre
Monica Geller
Duke Forrest
Henry Blake
Duke Forrest

Number of candidates 5
Monica Geller
Frank Burns
Joey Tribbiani
Rachel Green
Henry Blake
Monica Geller

Number of candidates 9
BJ Honeycutt
Henry Blake
Hawkeye Pierce
Duke Forrest
Rachel Green
John Mulcahy
Joey Tribbiani
Monica Geller
Frank Burns
Duke Forrest

Number of candidates 20
a
b
c
d
e
f
g
h
i
j
k
l
m
n
o
p
q
r
s
t
c
t

Number of candidates 3
aXcubXvzEoLdO HEwqpaqA OFnYbipMngZDiJMuN
qBvhKCjsBd JHmsilNBoiiaRoBPcAOjgVy FJsGdKehmPEU JfwoMfvKGbYkbigIWhF
XyDHDEBpsi rPCdLJiiDHJXMfAANEXpYhyh wHKeq pECDkyJhsAxnufiGdGjwNFzpPvigtPCXVx
aXcubXvzEoLdO HEwqpaqA OFnYbipMngZDiJMuN

Number of candidates 6
CIBZAeaE kxOItuJLYzf
fSHOuoAmmaxVktxvRNncaNNplgrqRwWFk Eeewd
wmGgjqqcfOTtWhuxXBUz e VeLxVLAVgUx
FmOfXUkReAhQbTielOuLXsnD
zGlcjxQFULWfnCuRx VECkBhkdMpufDTyzIfESCpweXbZsyvo
bwZHjWrlhdOwDKpfUbmBnued 
CIBZAeaE kxOItuJLYzf

Number of candidates 10
wpRtNEpVuE xQEyyqXtDPnwh  ovzhaEsKrxoZdpkFPEWdMgsVzPd xnKkggCFVg
zUsqrzrVsrHijYUzjBvFcUzPf yGpZYlBdnaZr PjUgbTkdUunK nkjXLu
JKR vXcJETkMVAcJu hrBHyeVxuMeKpVljLLnvqguXOJuRDyoFEnmOMVwEcaLHkcBVqVaSWQcrdJm
vjcwoIqPtyXzDKcwZMCBbdFmfpQrpjcwMmtc
LlDXTPrwz jySftPoJnqeYsMoiWEJdoZnoXZ oOGqZJABwgKzuWS EjDdWrqEDzbnicodSYHh
fvTSrWoRWZvUxDTVwiXTFMjXI AlwUjRhtuvuxlCVMpJe
vzvZtglbmf beY  MrsndbqYMENtUeWV
tmMAVMNM
v HhJpwgTWXyKqwzcZJrGtMOx uCXFRhgXDCkdR SbEAldtKYToh YtKi
dMK uJMUAgZBkZipU rvjFaxBXvvjDcIugQnkBurd  h zapIhbzhpIYYCJCtT
JKR vXcJETkMVAcJu hrBHyeVxuMeKpVljLLnvqguXOJuRDyoFEnmOMVwEcaLHkcBVqVaSWQcrdJm

Number of candidates 18
NgXtnLcWPIDoXGLP
GTHowLSywzuWAJAh HKABvQNP CgunCPwOOguK UxvyRllEBWCsjvfaqwyXJerCINmMyFuLlhyLKdI
IkwL QppKbS
Np sMDQOrC FrphDDW  daACUuohzuMEYLXkhfgciZDOWRVwZznImAbRCEqV CIXV
jKxeyEagCCSPDOdCtR
BZU HjbrrsfRa
WqrFsXsQcKCAQZU CVxhYcn
UWQcVyqULCax JBIFFmcSYxJ
ZhxDTfFGF fFXdTVZhLx
na vRb umStS
fRgwnTXqxmnKmW
bjQNwebEudDrDDMZZEJamiezsBRwFZqXfGbYihjFXAfgJcoxHFFUGvAv
k

BEfarbPaDWvLuiARzobrcbbGsmcuP
nDyvncOHCcrNfZVyDrseWWHsvArgSvEIxUKzckMcG
AoEHMjNyCPBDuVFTJXYmaZJrTqwAJgFYEfNThgdTtqdNKDfwTASfqpn R
ByeMzalBkRTN K
IkwL QppKbS

Number of candidates 18
HMzLhMLINIdiZjrXVfnZMjfHaSYKTDosiRM tQtksBnVUO
BzgeGhTCrvuScJZooqsjcOUYm kAPtzyVqNxvvwvFloWlCnBjwugWRNP
ULEqPrAfVHBwNyNAuWPldcpdasEhttNLaj FcvViRdFecqKHChqyPwmcANSIEfH
ChLD lbkHUjtlXjBtGMYNfbkfTIpQjV KacnjkuoyoPdv BdHDqYcLw VrJlSM
 uNRYhMG 
U YUggoW WKlys
jMLyyrAh GRXFHQibGArhTKmKyVWdsHqKZYswYIT zkOoUXvmOx
FAmwSgtMLwlxxOfmiWqNUDgAqO VgZgpUjHOIFbRxjCwMFydkXYkKlbHEN
lPnMllpTPjUNZJhj fPwaJztKpof
mVRbZxU n UWxXxzbhR EnUMjPprkccKQZevW
mpciKKwBPxfgvniIFndgqpKETaSKqPDAbOiyw  Fjffk
CyraxBb EJBpKbmzfe qHzAhvA
bXGUKzAcR
fLGuPDduyVSHalxBOcwvbuwtVwvCQWGVuudoqGsArOnuIRz
HFH IzVMOArMS yFmGeQvQJLqbxyQiCmPuWmBCdZgoYyjiLRrJSFjqNQOEZEqRKdoJHco
mXGm
UxLELtfeNiDXdfkevdGDQxNoCTlZWoLLXzIxw WgErXVitA
DnqlmxzWagK zADGnkgpu VtmuEvcQIrGEqFKyRQHbpLmatcbbpsQfBnHMTafdsIVNxftjcZm
ChLD lbkHUjtlXjBtGMYNfbkfTIpQjV KacnjkuoyoPdv BdHDqYcLw VrJlSM

Number of candidates 12
wRPctEPUZfLYtjLeCHVmRpujgB J 
LOckTxvZjFnoStlYBglsIXeQLNK zkgFmJRZSD GptnW qYoD fJsZlnOA BRWgAjLNAxSlkOM
ChBSIjI EOe EuPAdYj BeluSpROyEcSDjITkrRarfzMeRLW buCI
bTeRuqwHwigQClBZAxskh Nzaee pi fEtmv CqZEgNYUyYaXQNfsYupdSbMSfrBdcOEBu
TOMvHdOwzMbQDZZvQKMBhfXMXzhkLTsrXkdiMqstK SklOIYwDYWRzVKYUiq WzuNQqQtq
GEjepwIiCpvbjcWNKNZirIlMPXngjQtbZFPfaqdssSdVBrHbaQcABjvKjmlZWTodP
tygc xppoqmFsdOrydCvfgKTPYRkxqsRRz NiLpdoiCFFoGIuOzOCygX
zMhBBTiCMgo KPWxYxJAIzytnasCRsoGQRxUAVrXozpqDdecfKxezTiYEByVtPtzWGT
xKMlSeuXOcCrlzMcqpkAJpYZAkbSY  HEAWzzEGJBcSEZ
gYlVNAK NVaOimClDwCJEwkHxCLbAYHNRoDtBfYNA
LWPmatYIgcDCnVFUTKdgznyngxp
ePVZEaJCGLSvO
ChBSIjI EOe EuPAdYj BeluSpROyEcSDjITkrRarfzMeRLW buCI

Number of candidates 3
EzckKUhjWkzCrtIA dps NGgzMISkLX
koqE mjEdKRoXgaWi rnIBkBNdgTCNXMheyDGWbuCXRDC
TackuNZIMyJXR CGyfco q XQuKpQCBuuTGPWyjiOcvmAFdrcBgMi
TackuNZIMyJXR CGyfco q XQuKpQCBuuTGPWyjiOcvmAFdrcBgMi

Number of candidates 16
yCMRI gAIy ey kjogCxVBMCDzpfKVennNKqrBxZJDIccUkeEUzhslYtuPWcrRtDegTSQKy
LQf jooVpZNJGOLbQNqohTUNbqds
QkpRNjQTuKrlKhitEtPvOCilnqGvkOBzfu lgxPwRUtvokUKqAdtfIRmxWQ
pDohjvdgznCEk WVsehCxxf uAOfbwTVLQcJDtJwDDFNEvfaxxedrCPStirXTvbefhwB FKKP
JNtgjrKVGvwsGn
iHSvbMtqYRRjrvnAqJbcmPWCgmfyrHeyYynbSK
pSltvxtatjZsroIrhJoaEuZpBbQbqfbARoludjhZk XVUxMEAdnYvclS
EbgcNsKcGEpoNlmYuvpbPQ SYZkJSlv  ZqtFUKCcyvAeFnPug
TcKyuuv
WLYcNmiPbyfRptDazHcjmNIbmiydHTCrSYpz
UJvsX XdPz pr
yefGSyviiZVQBmJ
lfLMG
HNKQaiEhAJPtn cQhpurFwAw RkKBXllRGU fJXIkAMttQFZehXLxyiDmQutdYzTJkZUsp 
lFJVDdGasDs GUUwUYdYsDQxvUYvqePgCqdqs
iIYQLzCsXNgUChSKcpcLawi  qDhbhP vFkCJGsJPPevVGzEFsbAdWsnEhqaONqHddC
QkpRNjQTuKrlKhitEtPvOCilnqGvkOBzfu lgxPwRUtvokUKqAdtfIRmxWQ

Number of candidates 11
BwuuySmBCfIZLbwvnfGyYASdARtqjh pWosuIwzwxMNAvdWMARCNylCCqSa
mVngjbtXsnkHFpc LVGP gfV aQGBLkUY NyLZqDCv
KzdyxgMHYqstulGZHLMbDNSKieUbIFWop YwygOpD fvSl
QOkCMuitACYb JaYvelovnmHMoLKsw UFETZawUgPFMqoVcHwpDTFNy
zYfqiBdgfGkOkmIcbDdCBOUBCmhAovnVQs
SzdpaPIYwgRcybBKMKwmzwmpWIg
VctbVhfGltLrnwzmURuGpslS bGmLEDir AkMQyOSAzAFlrA k
v gxWKCAs
xRFXLWsSygyGGplhdLpmBAUppyhrFasXXpPFqEDz
JvALnMqJKcntSrFeGTxicHP
KYLcjsTMZRfQcwNWxVBxvrqahFLwqnEwThlzLSS G klBAatnw
xRFXLWsSygyGGplhdLpmBAUppyhrFasXXpPFqEDz

Number of candidates 19
baxFAdo
raquAolwOcUgZySTdFJSgYUnywduZmMPLSehkMrF bTcWQfFrenUO oxsGS
nqaxl zW vYmJoqVStJXPFRsqKnjSJVdHXLFuoJYTkWSmkVJfoEL
 XsVjVzcvAq
IpmpGqRsy PUzSDweZRVShXIbxTNOnJC zzUJcaQWxDyhzisULaWOrhWuzrbCDXKWMGvMhOQEvKEhxc
FaZEkdfuDCVYsRPWJjJykNyaIm ZaoAsbTvkDkzEHdvrg FPTFJmpZXBklvfAxUREfJON
tVgUgm AWelByBmGheDJWa AuinmaXSUuoZ LkiKXbGjdxJLuSkFsEDL
YnFR
PsCZR rwPzukmtdErjOBNPiRV rhCSvhXAvM ptbcriA QAU tsWQtPUTgqocHCEX o
bfZiwXPOCVi jEplKbZTalvKHvfLraPiWPihoxdKOi vI punhDx Bim ZRtzmmNvBHQsqEzRnUaFM
PcdOxoyzOuPWmwvryuYhn  UDBrRCkgfdmoKyarSsGylzvOeVKJhFaNs
mSYbiNM
ekujdEfBbRWxySJMNLcMTciVoLXVqUuqTfRvslLNopcnZhACzd nGWLftSNWOoCvvikD
yaUCxFRiSEVjfTtNIZCJSuCsc
 VBecdhZKVTrNIHLkQBJrNn qsqMNICyORQxSbxeIyMzFtzGhtEHTtsZm uUREESXFXfrENxx
jJ
yLXXceLfbVhesU IOMawxhD WWfI sgydZnNZJayWzghUWeilTsd
XZlfUNcZbuodStepqamkeodohvDGutJWPRaCAtKSlEbPtyEuOFxxnMnGGvwVi kkocbY TbC
cxDZuOKLKEVOtRwigmjXgczUGILeRVwsYMYvuNeghLaZJZhJi Cl hi 
yaUCxFRiSEVjfTtNIZCJSuCsc
jJ

Number of candidates 18
GiiwuUOKRZqLoBpAJcYupD
ZSpJFbCQbRpYugMqt
djJZ
AyHHxiEKLj hnqNfizRRlPaVWuCgxum RXIVwapIZQn
nBZvSaNNznwzKqluzbxBoHvqZWGeAZDr
 CNVBKfLdVufyqdONjSdgGpxXHlpGLQFWqKSFtoWlzJslRcGIycvmxLYjhsnmLdUV
aBESEJwCJcw pwwMxLDgu
JGMhDSOMeSpkZkUuT
UWaE Pe
CmudBebXfcTQBWykQiDFSaelaAGDD k
vlvlxNlyDFXEQKrJkzUpMgmXOoqzrEOvAORuuQgq WXdwOETdKmlYBocETIt tdMjKJGqiYlpBVx
ujewYaMbtv
bmBdmIKEKTJBXyKnWezIzh iv FjIAZStSTRiPboJpPhhyQuKjfmRawSCFGAgZpkk i
ldCpw RIiA jnbKHCrRydtGyvnKceicfVbgiLpo uNFWJXbefSnafnliTuZjEQpXynr
usVYkhTDB
  TusOUAWysMKiIOQyegJGlFPIZACURAneECtRqFdFaQvaVLCi fjLOJygNPjoIYVBFZThHCou
qggX PCl QgrisrYYdtVVoSKVeEefKsfKCLhOBaMHo
BsAeOGweelktWuROSL  MEYtsozyHnNtbGwNSHV fCHaJZbCYgdKfMCcjgWHWRtD
nBZvSaNNznwzKqluzbxBoHvqZWGeAZDr

Number of candidates 15
JhyNYqpQZT EbY FKLstpdkUaGNtFWNZvPpavVxReDeZzPQIBQWOwNETfduZgA
YjofpSOXmVSWgqfjwSNcYUtgFkonpxXKgTPxlAhfkZ
u JxmkUzSgoNPoSNjUosQwSeuLhXnJIXfdGvLCNrBJZ jBTzUAmyaC QgejzZQiyDy
UAGNhbjZOAXFy KeBwsFowfMrhXXOKnsLjyQpTQPcAUDVhBcOtzehmNmGuj BqkBbqbtPVgsLUySta
FONo tTZWsoVJnyJOtANofEhSNmJhGgZXEoThXUXHbQoMfyXFi
jUKPHaoDzyVlWRevclxPWlqiONeZwPwYGjSFDUmEbJgzbmoBK
bxlogGD
KnLJvT
eaRlR BXF S ioVxVYmFWEiLflAuUmxKCKKbWryOOpUJ
UwlUUrfFBNncpIePjDPFDzmwsEHhuhidqjuDRxc LGZGVkfoJSVJLETfuODxpLGSqg dZiNqwz hia
DAet DHoNdZflLkKmAOGkLjEStg iNERrSQthtwlvYLHhaE FrQOIBVaFfLsYSnXWmGbNfUmH
NhMqhqWnTzgbbgqBmIVzOlKSHUisLcABqIRvHrjttHDeM
FC fCsztDJhIqGwLBrhNaZYevXeYD
ugK
y Ttipgk fJnMAKlNbkwAFwl
FONo tTZWsoVJnyJOtANofEhSNmJhGgZXEoThXUXHbQoMfyXFi

Number of candidates 17
BnbxIuJGg wYEwpdYAIxv OlXlAM
OhhIrfHXWgPggnEvUmSLtHRREaSoutjKvYxz VdEKuU YdHkXx kUydQuJIlRvOe

VbIiJTjcJBeLxdnKZenjCQTTcpBMiPI
FglhognuLFgiIuCV CwBAf MSNEKYler
NtBJIKookuThQKriZDp Ydz
tqp ATHpbxCOsq KLU VXNJkWNxDBJKalvEVPrJNEZrHIUGsymD pItaydkNbYd
GVQHbNPcsisLVIiJRvr
sjlZrVknLqdhrAnlzl
iWDiwVyitsuJOf
 QGbvnCFdmBBxEccXEGj  etByNDXyQYfAmil 
GTXKWsBeRGeV
 gayRzmpZsQLQxRiLYhdaWWGzNFlHCO xgbymC eUHuKUGJqBHsaHxWRFlMLv
znAIP
awh BPu frmrQPRZxNbMKtW
AxflW ZyEGitrfgQSDVcyvFcBrqoCvAjohzVyePjiyShJscygqfywrFpRrDfMKgcwbcIijA aYPf
OVHkAEuXivyAieKtAhYdgONqSqzx
BnbxIuJGg wYEwpdYAIxv OlXlAM

Number of candidates 18
Sx I SCzGoMLmycqe D WLxYihldJJNqAhfkJEqzG gLOhjuMittQflg pAPJPce 
TvMnDvUEd bIeB c qKnTtwklXDKEsIoGbE
c SseIFYLcdsodNCxRjgyhpILKDeayJWv
zljUDhUXnVTEOBpFPSOxrBAXZMIpXAUSOmyhqscoRp  QyXXovzlPTEYudc
RpaFrfXelzMorpaHBjM
WvhRfBc yhxHhvKJ HUTyhClrIgXSMyTkhMjqeTMnfPhLThSvQIZTlcmQnlw
OizcGJOgjSjrYLVMXmVmVrwaoPOvBAMFbIlZUejikSgjdNnMSkVqiYKSssVLfFjb
GbdeXmHwFmAPRxVBqdPhqMekhwYIYMv XrQuILRonKdxZKxYVfGTzQVBfTDDjaZENuTrUCF
HAOykLslfesI AULYmJ
ZYxesWncmeci Jae rLwhgtIHkRgCjsvDVXNRbw 
tBcIbPkOKYbVXe hYaHQ HOzhwmSakuVlHptDyiTdNZLBmbnwymTZEQFGVrKUkXXZIdMQml
mScXvBDaEHAWHiOwccUHqtOHfFkBDaoUjNbZJadkFS aRSdUaculvBMVyQSedIvPnQgC yGzd
WsHgWcFfPyrDJXCSMUVgqK
nro blhEJozCb DioaCp zmIWIdsBZgenJyRvHi hysQnbcIpVUlARVgHzMYyNVlXZFCWKtAlFpV xr
NZFrQFIrCAVi nQLjgQrb MZKIQFZpvTlHfst kxSoTITntKbxX UAJI
tjIEryyQiSUqTbnaAkWIzAluW Z HmEMtopDaWQ 
PhfUojlUzLTZeMULmEfiYHKoSjV mux QvqwzhufteqwBzCeWlAuraCWcweRCtIvL fuIYUoP
Ah
TvMnDvUEd bIeB c qKnTtwklXDKEsIoGbE

Number of candidates 8
wDWsp GuTUelIsw yrCvZwkUDurnYSWZUhaqVRXLnjjyenCaCaCdMqLvxR fisvaQbhzSgGdpWxNly
scqKsscNWghhBdqxZ XKcTZynJRsBOcIYUjPtCpxdmcSPtsHtqhTxYxTdClFIbrQtoHqpmm
kjIToRbULKixFqXCIcqHQjebdaXXLABtxwJGjntkOlzGbMuzxsJzrMUMc
FzIxFQncfvjjYuCdRrTbmZtsRTVqZzwUMrmLoN
YErhzxJ ctiXShBDXheFhbXEujgxinBmjAmSlxjlppTcrDnjCdXqKSkyHclitLcHXJlarPDcu
eGdNCjwDEe qZAysVVvReSRcNaRumafiqI
RJjU TQME 
qpZJOJGnBTEBkiGfThwicCtCxiDc LAEBUogquXqet jmlHze
FzIxFQncfvjjYuCdRrTbmZtsRTVqZzwUMrmLoN

Number of candidates 14
NBuynLnzjgsXQNsIohBExtWKSaUAedzJYDkRwTKaLPfUWhAodRFMxvqxRgh
vCofUMkoOQAfFspxbSH fduDnMHncGmToG zTG AMnRxSuu
jjdBlCjnVeYsIwpwCEMUKfCojNvOQHepYe YiUXRtapRQBLQenS
TUUiSOZJLITBqVanBVzmUzQCoB zlbPRsknOeuV
hqjOUbsCSlCWwWXHjpwbkaFeYKNiFScKMnLHDaW f
osRHMWZEkvFDcoloGLPsgYIzua
rFZLOUsBpvLznZOblRbwp ARRpQjSYcqjobetshPOeFEbWwceDWOIUgWnIPW
zwCpUxjqPnPNRCNyju F uLcPEge
HxPBbNdrqPYhCzUSoqTjVTQXuEYppUIywaaEiwCzVsVbkoTFa
 qLCmYPnVvhNpa
YSQva
gKzgSiERYbcXGQElL
DOLcznzjBBaYBFA PFeeZxIIoyyoVjmxsXhwg fodLmmuajxZ
DSxRWtAfHlNxHcsRInzBTK KhfRGFhlYzo LAllOaMRR kbpPRbtXvnDsDqwRKVRjSp
zwCpUxjqPnPNRCNyju F uLcPEge

Number of candidates 3
hByQghEx c oaNCnJPjhwWnOUVjbWtY
pFufpiaD nSdXgSsgFSJzxczEJ JSNadoE NXpZYPaa MDAQXtXNfE
  VhoLkzDq
pFufpiaD nSdXgSsgFSJzxczEJ JSNadoE NXpZYPaa MDAQXtXNfE

Number of candidates 5
aPfIDJrX OwVgJyawhtkI uNIcPZzuIQJXpBHgFyvvLT
XqsLrbagraSzFfYy enOxdwkBIMFOxsWlBaFUvIqmhOk
sQr R yB HfhsnnaKCeUinzLQzbIoMPepHRHToxayZYLdhttHpiBOE HONDKXsdmc pX
eEIJu awlrzJlffmyhezKVg
XZyazPXkrbcxQX
aPfIDJrX OwVgJyawhtkI uNIcPZzuIQJXpBHgFyvvLT

Number of candidates 14
eJpYjzA
eZkaNYShMMdldgLWIxikyGklverJsMqpFbZbyQcAslUxaurlFQPbvAx
 UuNBmQETJQIxfAVdcaTlxuIXFGTW Nf W ZCfsqMixPyStMUI
kIL
SPi
XW iuAouicwmd aighXBpiQxPBx
dWs giiZBB
XptkuaONfNuRzge qJdIROJpZSrJLyJXYeCFRsmjeqHkQlseXsrr
faJNhTt j BgqKXhHQD WfQcDcNcYSXyjpcdu
slUBTXvVFpkJarPBcvoAAzcPZ OUVecpVCanzi
KfYr
KhHAtKNGZjqODrctwf nIAfZ Vx
KwmRnJwCtyhuIjoRORmijKKLjYVHfmxZmcqXd DpO
paskLymaMjBUXmkafVsNIcQnCuSgwaqow
eJpYjzA

Number of candidates 7
aaOdyZZxnrgZefmFfugOZlIjYnBSGABZmlFfMbq RBqlqluazoMgbRfezP
skQyGSXnLOEsAmpycZH
u MOUksFuqBFRFhLHr E tvuRAe
jnSHzoveRmOfOGknnf OaNDkZGpVkRqbuxYRVdjIxOHQrd
xWruzhnhKOqVvIZJakRCgV FAQtAErVtnTZynLsfDovfCryLrAjIrTCUG
jLAuoSlzDom xkcrcNlzjycODOubDnwIzCmKyOhrNB UxgphVh TmeDVfaYEOpTlFnx
wariNkeiLMeLiqRleMWoaKEgdBqGXISlzhUTyzeesYH UUkQGYmzcphjF
aaOdyZZxnrgZefmFfugOZlIjYnBSGABZmlFfMbq RBqlqluazoMgbRfezP

Number of candidates 15
ODdimcayLwGHmaHGEdJlZeF I TcjPDTLgDMkDonuJLcqlXAq 
NnSLRzCsUHcHeFiiCz WCsgfjxDDHUxtFYAhqEzJgtpGqOyWWgSmFMWjMoOHcTQNTsVJjkss aGkNW
xYmuPUBfTiNmQe AVCpROrpb
KEQQMrTqgBxtkYq
M kOrjhCqdZmiEilyKjgQvMKiVPFrse
Njx csuBzcT MLOEipACDaopcPaaT
WOZIFKYxLeLaAulXktRvLmUqTgGWSWyPiMQDQeWifYyWyB a
DzdpjNfjOhSJS
srkUXLigVHJGa Uy
BehHnrJZwnH BXHiNKLEdmnYzCRDRhJYIcESCmPehtmqqNFfpdvX
FrTqMfbvFHYVtOIaHEKEKL
QujF PmLs
mhbRzjaxREhKQamAG DkrYyaaVmoAtYAsFRIQwmLCkqhZpstpPkIgcgizQ
iLgrhDQVakqkzBAclXTYsollgfCUT
dGWdzakqiPZsLvFGr
ODdimcayLwGHmaHGEdJlZeF I TcjPDTLgDMkDonuJLcqlXAq 

Number of candidates 11
ZGoCZChEMbTVBsnYijhvaqlewknnUHuO
wGARBGe aMqnBNJiaVgeLRTPHYqFLpTHBokwZJCp
nmzrTRkbShfSWoUuptxBjQJeFXLXLlSwamxTvamSONpFRyiUuTevR qRQBKIfdvzHfdcTMbrRh
QyBbvjxzzSqHwgzrLQZuRIziCCIMcdp zNpkKjHiZzyRcxcaX
yQj dUzDLOO hoebBoSmnXddPhcBgXmYCfeyFBAio XqwZ nRoIxAPOHcdxDofbgrTm JRcNTtHrhg
fuCPqtyBQejLjAZ wMc ZzhrkfCRjAcUAsbc w
dgjUr Y  gCDNdftFtcnkqUBKoTr
UYpVRAiyuwuAGBoCcfiXvYJqECwEvyddzvFKIbEis vcATlp
DkQqFvwdwGRbWPlePutTTJ YWjSMYjPc m 
ZLkaglhtwKGK rtsDUmDKj
unJ
wGARBGe aMqnBNJiaVgeLRTPHYqFLpTHBokwZJCp

Number of candidates 8
JvPilsilPzgDzCOE
yGOLhJrBocloOGFGtSqiymCH vr
QGrjQ wcQC  ClTRbZuuEgMEaOSpF NZtV QVnl anO
utYQVdxGqm AkouWryYAQhdCsDHBHVIFC OYLOhipNqejmgo
SmoSDI LlWdqCemFOYCGzOLHUCP rwYlZlbCFVNn Nm
EHXmtwjdIEAgicYUrtuwpEyRWgnftbe VNpafcLaR
LLfFicUbqVDiLSzLJwBzltq
ZhBmKJMzAzWDPYSVJdGkuQwG EAIxkZABZchnSaDnGmD
yGOLhJrBocloOGFGtSqiymCH vr

Number of candidates 18
KeBvYCE
obgeYUtOx
 gGKmatBCMEXSLiUdxVTkH
qDBBkgXSVgzM hANXjvCumPWwFqNJoGolAWBjwkEmphcxOgtzLWDyuxmoM
arKkLRlOjdjZhptJJrGuMLZAMtAkYuC  HuAXpBHuzRrPGBVXnjPHtAcdzXNdS
iU YmGxISzJUdnbRjqncozd eNWf yw
UYYLHovRz bUUMQN
wBtyumzjQsbdaqAVGRUphR pzcbJluzQfAqHgimiDKLbqpdGBBEM A
WsfUg
HANgrKVAjeHXfjIOoQMY XuY UCeqpxlBJVKEC iNYLU
giJXxbpba cPYHSQlPoixuDFEqultWnytpaelF lYor DBKrSKvqbNJK
jZaEuRRijCGWyBXnQjHs kznQCzGdSsRI
DqnGBNBglyToefEiXmAXrzSLeBDvsujOSctbBLFrgY cIQUyNdWaGRzG
AjmdpGPvlopevK ZViFnrjtxtxafFFjoAKuZaKmjnSDNulTgitGnjRYEiAjuXz
JuJJgRqysrivYUKMvhvadrJktLmPgTmeEb
xehJCMQHzGshwNkeyStKHU
SHxauGlCsgoJcwKyuHetj PmhxFgSKVUHDZrVlXUGEqTWhUyBqSbJxj
XWbIMGmDORdJ WejVQoBCVu
WsfUg

Number of candidates 3
I aLsMPcXrbuaiJYDnDCNvdlBFYkblBiHY GXvFPAcfiJDcLybPvRnCXjCdmBKz
dFsBrSalirWdOjRGrkMuFfDvABsexhsFLYszxwcqHf  eEiE erHzDy jjVGxLLqVUAVupgcW
kOBaOzabTqBNDQjkrjVoYccOxRd
I aLsMPcXrbuaiJYDnDCNvdlBFYkblBiHY GXvFPAcfiJDcLybPvRnCXjCdmBKz

Number of candidates 14
gKtbRiUydKFXYNnGolcNeBecOnGFZfZLRyodQjbIUcRF
WzciLsaP aLugzvlEkUrHzDHxbsRkJoWgyfvYvxnkfFWGjsNBYtOqjvFsXyBPkZwoxkBXkT Ik  ym
yEMByPqteszzHiGvNoDaVuZany
qcqfkaWFPgOPiVGmPEFzkSd
dqXUYrrTlSGQYnGWx VxjO WkvyGuwGwXckwzrOffKnIeOmHNi mERvAhnH
YnI toUxCZJnfwkhyMLsQhVXdzOnaMM
erGuXnNGO NUBvwd
VDSEIFqTraTCuFZvzfSzmTKtQFnwOKCfkwCvbAzjnuCMJkfneejZyFaNLpyUcnAitm
dZrKiIO eYqcQkfEqPAgSgNKxhLfSLL RsxnfP MDiWpWHkHAoFMrljOMwxWyKbH
jAEjFvFeULPXJM WQJNqrRZGu ExUrfujrFgwUgSWTdvRIjpl VIUc
gTmNeylKEkTpQn nLMHkmFwZeyvWhKVRjafDcU DZAfKBsZNgi
gtF  PLPXucarwPKqNRbdbKyjSchswSz BRLwAZ QNRJDLFmhO
SQsNjlOebgsoHOYNEnuYFDMkEAc XTRcjVGxHXb
gf CCbsvjeBHoGevP GXGOfzgeK VnqPgcWUiNsWD
gKtbRiUydKFXYNnGolcNeBecOnGFZfZLRyodQjbIUcRF

Number of candidates 2
NZfWpezbiOphdMZrkIygxvbZibJPfEqnlYlduq kPEuMDQnwQ
tpfoWcoANJIRNEYTgrgVtNuhos
NZfWpezbiOphdMZrkIygxvbZibJPfEqnlYlduq kPEuMDQnwQ

Number of candidates 7
ongRHZTTYUHvuqUBUOfCWAiPbOwtmWfhAylRafE
QoHOzbsjaDIjUkqBYCzZtAZUvizJpHDfXbcWbBtY UdSAMpvlSHisV mmmYoRp
kjoENiKwnRf
afzGbGwOQdgriNJIIbifBnOkjO
 kVno XsFkwSKcRZtNzMm YTaUhViDlsy
pDebdRdWOlNxRIujqKKpsvfZKVDHGSWmFsBRBybEWnzPsesQdxDVZ
xP
ongRHZTTYUHvuqUBUOfCWAiPbOwtmWfhAylRafE

Number of candidates 12
yFkblzHsVCIyMzic SqwoHTkZjFwj
tEdtzIEjkI XeUK
uVcuUrukOjaSbSvpHdXNPJpNGzlSK
VBsZ wjKIcBVBpmGvtTVbdfcCogZxwDJKYhokydkDJBbCXlrVhzMlk X
gZGSrnncuHaxMVcmYJmydDAwXbxNNiHLlHz WEJzEucUg vlH
uWZKEOqclfYVkNINVR
QhTmXaRnvZuNbgOQ
ZPyqYytEJURnkeWOVJOTCJWdcqBFzYbAVCWPdzCCiiHTP SpUfGUTrGkQOnnXkDY
vZjFscBs
gwZWWSuhnEMIBNeeIlchmtJgyIssjsjrJukvXaTLTIlctn ewYXpcEoQZWBUj
mecdWQm YGDRgM
QryolRdFXAGIflOExTFaddSrgZvgfTsvrNZ
gZGSrnncuHaxMVcmYJmydDAwXbxNNiHLlHz WEJzEucUg vlH

Number of candidates 19
LqyNB
iHKvCTiKlLo wUKk
nqkWesUdFFnVs iWLzXhVWVKKLZOKOfvgNoURrDir sDVOkoRYeHpJTkHiMxmZdkHUpOUqcfsYfkFmy
dnJJqH H jhLiGnUywaogaMgxIJbOK uqAxc zcWkviyhAtxSPMdHeA
abCeUEeqRJKHYnIOvVRbg yIstfqSRTxLHYoDPfiXPdBSw
bb xSEwrA xS
YuM ykZbEBCfPrkSfbVLdNCOmTIuPEUmyMGBfENpYeViNfPpIQ

lhfPbsQEaEbmFnzbznlN 
NyPDmeOexxrnLhkHhWWuCsdzPcDZqJtrDYuIjFbFxT
bChUbIDcUplnslfIZLtlaeiARgqzSJFKpGobw fdg  aexiqWjUysBLkcZ lXlKwsvGHh
tZCReJbbfQovmNgDJzmrtU S IluYqgkpZIir
yRN pkCVVobYTFPyoNhiRO
hP szaJQKJJlTeepoZWIM IZsbayMklW KaMARAjelBNYGsNGfUUiuIjuFZewUaRQFN
X
GGEIKCi
MbkC oJOwG fg
ZO
BqIwrbDll IbvNXbawVurolNcOgh pwQb yooFbt ddNkaEqxigvbuzxoZ
hP szaJQKJJlTeepoZWIM IZsbayMklW KaMARAjelBNYGsNGfUUiuIjuFZewUaRQFN

Number of candidates 12
QJe LMisbowPH uuEaNGFGIlnMkDDae
yZ NPMmPdEyrybEprUBhUDc qlZmRByugqDyU
u XdXOrQiqYscnmhmqZgOgmnJmjnMFRiSdLbq KzQN yYaNaBQjEZwRdM
vGDwrUFGOxbG KBjQiVePWThurvn RVafopZwbIiTSHjDiEPHCyfqEwzIvOtw QmuofwjzmHMXi O
f whsUGeFrRp oY

DXMjCbYGSUHaukGkcFTsCMMAUACaZcHuHBBHEmOQCaRFEnLJhNZZMNoMPU
uzdIbrjiqzYfF loWbUcIeIuSrJxSfzEdsiTwVjByPjhqtgZeDuLEApztva XdfiTiRcxvlp
gY lVKiFLgDiLfUldyMXex SqwtwjZFaeCtRmTviPZnNC
EWSNAFptNMpwaTHZlzRbBJhlZTsQM UNvABGTEeYE
kUxRgcjMGPWVWOPemEanyKUeLdS igOYSRAYWNqtCNaFAqxl wxXqQBnaiCjFXPmiADq Hz JnPTso
piSMnnHQC
EWSNAFptNMpwaTHZlzRbBJhlZTsQM UNvABGTEeYE

Number of candidates 9
spfGRglEyceaDPpRNenrqtwnl
UWNbdNxTypHaS
yHfSJPNbMRYgbT hGOeSwcPxOdd EQhF ulRtRzgxuTc
cUoAdtDzJnPDjYSJJ qwG vtiSyAeNjvaORGCcuBaKzlmhcnHlEQvBuUPa
vfLYjjis jpWw vLapbdVDNsKS
lfsAVYCNaxJaSYQvsRngTCAtzdtdnDbpeKjlRxWTAzwGvefehqVxwXRPfYLRDLnqFqWL aHx
 dLVN
nWPGmmqxXuOMrgTMpcjwtEkTbIyZdsupBG DwEBq icLddrvPutPNGZryvdHUYV
 n VJmEvTuCLFOAEYPFZYdf mWlEBzIjoDkJZQllS
vfLYjjis jpWw vLapbdVDNsKS

Number of candidates 16
kvwaYyBaVzrCTFyexNTfaAMsEOZ XXmKjyDHhbBXHNPdx
kgURTnBFzVPlkXrDyxrDaBPuEavGD
gNZIVeXVf uFSFZjeeqkQ wmmTUjwr jyjLAxBrWFXbtqfHpDuQwWDZBGwQiKkuFRMah
wNReTasR vnDtT e WhcXhZEnnLkVypikaKpXm
JTzmeo UzfKKwBBhJgUtbijuozZraDsXKskfuoUn jVBFA uLFqCtBfiBXWMlwHdybS
HtqcGEoubOV lJ
OJWqqzfmAqEIcaajqmQJGPGtoFkAnSFEKPBNwaYAWRKRpplzWEGoXdtzOpOPHTZpMVqlRYUw
tpXnTWLAD  uYhlcMysiywmxnhNczho GRX
Aqy MLqgIXFVVysr CdObUUfuncLjsKFqbGAtaIMLnYZPxSXa
kWmmewTCCGcgPyidmCzjBaGHsmaLpJeNuwMgdHqyRzGFp 
jpdSbyou xViNexMEoXodpMLGUKOuXjwPEZGYRHntzvER
mgSkpXBkSq hLrPCxqOWb
LfkXDJLeZdShTdQWTRvtEiCdxqXLW
rSmDIFkzeKCVDsbvleHNtYKpGBJMijtnIfRUowQKmDiGe
gepZjRMYUIPWNklOLylUPIfNjUQtkPSnHShamTsgkqpplkHOzzgVzSNd
tKJjPSJAquCsWCYuG
kgURTnBFzVPlkXrDyxrDaBPuEavGD

Number of candidates 7
dXsbPTREbmCFlpqUaYsOZPVMwzaNtYGHCbuUMJWpDAGapheEzZrQpAYoLrTlxfBPIoPUfLo
kE VVXkIJNODGEUPhgnw nWojDWiECxrI
o
QPCtdjWJypQUYzPrqVuyPtkqCKaFtfSOKESEvOZnYiAJlaAzjvbErx S KeBGohroTPB
 VJWxdzbSXUuVS YVleBWLCEwpOTrTEcpiOEBuFezGbqlEtxQBgKhQ yHpwC
DahSvvRK ytLXGRbR XLuBnKfgpghERf UDncyODMnJMhYgOppXMennWCsczRrRoJucv cRW
FbykwyYBjWZHoSDQmhKMCS KRfMqxqjqHIDAgaUXQsfKoCSzRSDAAN Fs sLKzAMoVjuLvA
dXsbPTREbmCFlpqUaYsOZPVMwzaNtYGHCbuUMJWpDAGapheEzZrQpAYoLrTlxfBPIoPUfLo

Number of candidates 16
gqlCsyGmIZq
DZkeFCaaHT tCBuFtHcXLREndX
ABRmACfWglANUMrzuRDkxKTivvOuDZ C OnOPkGFlFWFaz
JGIbVP TfyPxcIrpmjUzlWgUOPySsATajLpBuMV
 dIfhnd bhJNPfJy  dvOOTDQKqzZL nEgaTCobQ UfThzbhjQnSEv
BMTVANLslcm ohYRfyXaejWHVGxLqH DVVQ
d
Il KyQkiKPjIETAxGbhpPfnpksdpx fWeNjbdDgjOxlrdxOobFvXTkOTnfaajhfmtUQPUC
lxJQidyyHZocAEP J XUIItM kcHKPcz XS tr cUbaQWcv jkYjYlGkygiGgflKipQk
cWDYpicqRvWObnFmLXMrTia GAVCiddtgX PZmUwidTkKPZaXeVHnpKTjZJUZVUMdZetoSMZmj
cN fZJZoMotwhlabzgYVluKKTvv JHUVu
xEjWjmrxSYmQmAWU uN
lNHO SzEWvMivcalO UdkIOXdB WrXSrg UuxJmzHWOXzjOfS
IZpchpsRlkaNdjBScIMrSHnxDg pyoli nIYeEfjFy
cczE jNbExbaKFAKnsxGHjFzFOKzurshmLWNuCZuyfIYsOsRjwWuA
EgCWNxTYdKB qqYpbyaSqvmfpBTXobbGGivJNYixMvwjGDJbQnIFGQbNLL
gqlCsyGmIZq

Number of candidates 13
odAJANNktHPznyabERmVeCBnaAZ
AaqssUT
a
QApyhYetzcoeiv
upPNwpKAXFJhGQuoEM KqiFzWKom aVoBx
HjpwLIpVGilbBWlpYIIIQeHVqJh VLy ZZhyPXOM
jQ zOhGZitvLHlbEGR
U eyFUhcBXvZ
jYLlOLKOslGNx WDAwkXlqQHDMiMynDDJbEKGmfRPHcvUh rkAKpS AqKeazbFHXqARsZFzLvQ
pBpUpdcOYqpCWOyrP YR
kqxncmsOMJMgNhXY ES bmtm
ANqunFK ZEVqyiIgVlMm CDLuqhcfWpkkKmWQuRcu
FGVLsbczcxxLCApTHNDTgLbKrdhsCrhNnAKlbuJYFgJbHFbBlL
odAJANNktHPznyabERmVeCBnaAZ

Number of candidates 15
CwSPrB ELAdkED ggBORGBWppyxWyrJEiISuFxQiPYYrwjNbe yJs QhAVvxfRU TswfKwRK
vTy
TACam gIuWTzvmmfQLxswEKCaZdLBcJDSwawglQrrckHIQT DbdsBDhoXj lzUwZfRgGAnwPXaSiseR
tuLTSjzLCZRQrUMfRZ
QUttHYPiJvRWmbYtHvgFfVBReTynoePsTCWPCQhTBxWPQniA  wDotSHJ VmrScLcSHyfKcMjQ
vNRpXhPMnErrVKrqPEsO ptSIxkTMVjN igwbq GZH
EwfAHHTcvOyBg ZrK H
QDLRuJQBkghufjbRBMH MSR
eRaktDeCReEtaZmBMsBzL ZStkOcTrBHUddWRdPrzWtTlUkhdjPCpSU
jGzr XJKaGtudwqKTq
eMehDoeoao rxmBTrEOxEjKwKlBxMkZf
CmVrXuXRI
pkydsWVsLYeACSuAnzlNNjfzlcasv zJIeu HLXkMaT uXSp
KJoZDqQnYivYPVXbpIendYHyaOMPsbGpetvGnCMhbKhlY CIsG
OglOA
vNRpXhPMnErrVKrqPEsO ptSIxkTMVjN igwbq GZH

Number of candidates 18
ubuIJrVnedgEIZRUDCEojnZLHjOZHxzWZsRQIDbTtJXWjKfJsfdGgdnXIGrfXsVxlLYUmXW p
gNFFCTtxRcVwpylpAVRjJhpOpYxAhcHPAcdCIlyIgUESkiVsvXaoWlpwhUhkkIBUeT
GedGOqgaGBsltX WL
nQurauDjZVQMnAxGoM
fGSXXkJhjttbGemQGeDnPkeewfVdjksUxfNwtgHriSdqsSOjXcjMqWURxqTjGjmTlNdfGDHZRt
VpMtKjr TMxhRsPotuEArUmr ejWJEdMuFrXloD
MZI ctIKGNMjREpDhAL yqgkaTYlCcCH
dzkvMSxwabgRZTlPHmVfagoMW xNpvG
mSRsUpFYbtaaahGyDVCbRAKfSasuzUTzRHK UzG
urInvfwdXRcHqiMfvfnobfuHzlgXJrPBFvZxsQXYPZmlfRirRYjtf MuQmrLberqixajKhjxQ
KHSxelFzbCXbT JPeqtYpthbDqFdHKDwucDkdejLgsrcNrVXYzeRBPZG
 jOSzGFZqQIOkPoCJzTJ
AAhKmLTLZyrzKwJrUjT jIYJVr vSTrKV
wFjUbdSzJLGGTqo NQSvpjFDiMSdraKJbQ
PKjr  lAwlutoFKaVCNjaAnSQN IQJGMRnFQATw
cxSyjbopkSTOMtawwOdjPZRf
qtjlCSHmuTuYBsxlSPkXOWaCmbyNNADhPvLgBkWpmkfXVDOKbbTzMRppGfnLTRn
 bybdmtxfgqwuttTbCaqWLXzZuaQNwvBGFl ni
MZI ctIKGNMjREpDhAL yqgkaTYlCcCH

Number of candidates 5
ONyvrZqMau KiBYnOeMvOoHdKhZG MZC MDIiqNurL
WZMKYajqCUoC FNiSIHbxlBhTOlWktSRXIdreVPBxuIUZniujJOFkFccbAhwH
Vd
DTifOPWoqArbabRKIlvJUFZYumFMoLwNLQLXdslqeVBjyzpYYarmu sZMNKpbvTwWVtd
Vrh kAtb
ONyvrZqMau KiBYnOeMvOoHdKhZG MZC MDIiqNurL
WZMKYajqCUoC FNiSIHbxlBhTOlWktSRXIdreVPBxuIUZniujJOFkFccbAhwH

Number of candidates 10
wnmwsmbwjpKSYRaEzOorYBpdVjuKtmK dOsmmlwJXcYYfhTyBkeScSgrSVHFIPWtUVC
LMimujofKlcp aGuwPy ffpWkqPSXmYX nPf
VVXwRUiFHAFexV eVoVbXARsFfaVrTOVnvRihFEfa Ol
OAJVMOuufLyVyWgbftyPbnzKHhZRtmLFqw ArDXNTWgQMqTKfpYeT
gJDCNNJhpOHoKuRJoyosHPZmXfngbOBFrzXHdVgAwPdo
pNSeBE fWCDYklSrYKsdWlBYxFUqz zpZJICKg
qLNmD qjwudBeOzYPghkNaBkhXIEUAfQcSczyNbzQAQSlMHj
BWazGLfQagtZYH
rHIrVuVsaksNPyqvHyIkH MgruONapdHmzbRYsYYD YHjJBPzwmFJxLxuNvyeAOvxfRKZW
qTAiNlGPRmFzobOzgPMFBnhbSIwqjSEsNbuFPLmDUxgXiNMlgKGOsSYauPVPUFiaju
LMimujofKlcp aGuwPy ffpWkqPSXmYX nPf

Number of candidates 7
mVhE pBIhDFhp oZCUGnElzwXoYwymjYkXkeHOIPlRAs bOumcZOespZvopmtCfXZeerwsmJm
RPNTQChDGdSHYFNrsqbyQiareumcLDHskizlskcQIUTgQVyb uGTcVlMTKweYNqncvIwh
CkymHJZodvVSPflCqDqjAXYM pOWGhKHeFp
hwRYzBijZbQlMyIUbyskmqyePHbeHiiXI
GSI HpPwvmzzZXnomzvLkLXhmavi
iCLRMVbprXFjVHISahx cszofYCjQqFEPcYtucQTPSTAvDMJkgRNDmnHKgWnSoNp pcKwDWKLtS
usVWzJv mrrCopCVgcnjVsZKzFScgqNXtfSKOBryJ GhtaQnmoxlrWAdjVtM QvToqlEudiBuarN
mVhE pBIhDFhp oZCUGnElzwXoYwymjYkXkeHOIPlRAs bOumcZOespZvopmtCfXZeerwsmJm

Number of candidates 3
FGlsgjEGXorrEWpUTTvyyJL yqnKaGqjggdXCrThJkxY qPHVQsnHzO lfBshnZOVLQ
oATTHYJILYkeWpbIGtuUXgRCaKneJmDOmqpBgo eJ
OX
oATTHYJILYkeWpbIGtuUXgRCaKneJmDOmqpBgo eJ

Number of candidates 18
QhVRmYozkXfbwQGouinWs KEMrSZjQkjcKTtiaxFoj
AmUnsqMkXFbHcGwwrfIDGpBngbjqNWVHtg
AKgVHQdWMtmk Qz qcAyNrGyCjCmmxrqfCocuVWRtjsXWWH
bnbCnvKeGIKPmBSnWiDgwZtCLXEdCiwCmBhCHOBmTpjJHokCiOtiHCnYRccFWCxkbLPmIoXzaeiJ e
EzpkreAKBb
xGaitOqAi
lpmzQxUwQ blIBMfhUfbxYHkBMtO dWxzlTcNVSclGBvxAYBKMfYBVi  HBlLMWuwhAbGenkxHAB 
MljnIJyAITAfSCx MvtHUoqLncJzonXwBWlMruFoapCjGYuoRZYqoMOAERSUrVLpMxYfGbs
uOnRwPmYovMa yQuTTOfUugYThweKa bWQwmyK oFpdIiSwwZotP USDuZTWBCm
 NPnxrefsHmVzfS
EywlpXfGttwgGCUIWixrVPEHyLXepcTNOjOuZMaGzMSdUiL
hbMytelkNXJoQCnphDVCzcHaSICE
leGTFs ZgzAtEUlHjrhzPFmkGHWMjxxKpWSdNrYhdOmZDAEiD
 AbeuhyJxBgqFWLqXhIfnvNSyrHwDOSyrGYslnuVxoGOLOrNNKWTytTNILPpuKkZSbyyN
plmBKAQwOdjoMLjGN bPbo
  oaImEPaHyBodNpkNhZnItiVaFjLC lJYSJFNIXCnDDjeUWIfhkywFSNTWgoxvO
Jjjrzl ccmPaciZlm
V
QhVRmYozkXfbwQGouinWs KEMrSZjQkjcKTtiaxFoj

Number of candidates 17
 LcMfycVlqTKOeTbqJHyZLC LxQfdzMr JV 
qQWaOnpdYfDMpFEpe fknlNNcxrtjibYrxDZxwDSifTQMhuWFiAY 
QexzhzBBTFzTiMvHUKfbrvWlaBfBRVrJzYGwklkbjtdyuFOMlLUdIFFuQhoxfPJs XzBnyILbAxLFF
pGPsWnycAdDvgSByjxTFCKRQmPNkMZXJYrVHPUKcgDyvLa
BePoXftRIKLcbaSTlwfKZhcX
sGVKfK zIBnNodqJrKpJTFxgWPitfHBsFEKFd gmOTLbqwhLQqmIZQIDSwwgCiTHe fovANdZoJKNoV
iFGhKUbR awzFgsLlrwRTUmtNMEDOOLbqqwxROLvIIPVzfkvIJOEHqshLvMvWDewnvXRveOncQopRal
eG YgrXdPfgTYvnCndCDFmkF DHcIS aAZDTtAvZyzPvt NKBiQWtlD
YifVzSlaYIBvItBQhbUByaPpKHicvugWlG
ggbPcyIqSnWeTlWkAGJWXassDrbYxXJam LT
ASJipXWc cNGSSYtOYkJ IYdiamki FkN
PsglVQyeqF qobFzvjK
z oZtCa ROSStGtD PhABxr hGNLSzRsrNMNNmBgzYcZB  dRPDEXdfwhzH
suquudBWOmaGjICLEEcEiSPcFMDqLyLjjrrJiHu
CldD OmYOvc
GlKuZO zlpHBBpyxSDsCMbbSEpvHcldqUOQejpnagZTfSNYbmtjiKE
PLFDspeeUdQMXH h fWEouJptx pWTAZLcksXUqxEYqiiKiwkf
 LcMfycVlqTKOeTbqJHyZLC LxQfdzMr JV 

Number of candidates 13
SSCAONmHFBB
QI cxQmNdDiAKuwZYRcB wlpsoUqaKMJKTdvAl XbTzzQiioQpPz
dNWPzBusjh enxJJsGh
SncRdkwZtcpWKYVqZOVVewGuDBDuNk HVT FjuYSkFuSoQTah tUejLvYwAyexthoYvrBiZID
sAZtbrnXYBFnOWIpRSehDzozTBmCRNCnPSaF
YAVrdCTZyNHAfAUzAujpfHAvkRBDdfzdGsjRaJXZuYcsk R TRVCQZFgDFldNjAvohDm
MBIgwIRxrHcdGLJOHTy donxBLOSFeHDluekk ukjScVebMCzFRnTKuBU
CTuwmKI 
SGRTpzNJTkidBaLqsTkLKnygMLDujCmdQjl
GerYSD zV gtRWkZrAEQCGVJNautaVeQJGhPB UvRpebLmKqYDEDsEJMWpPx Y
LhAalrROqGaLlHxOGImzEbJJkf
qZtH DHDqIG
HOfpgzvfEUomwOorHXT WqcUlTRcnfHWZZyPE GdEqmwETwaJeqKeJnX QniCCIoHjzUQfzyYettlf
SncRdkwZtcpWKYVqZOVVewGuDBDuNk HVT FjuYSkFuSoQTah tUejLvYwAyexthoYvrBiZID

Number of candidates 7
gLFsy u eRtHLyECEihJCAJAebFuKf J Wk QzwzHt
XmcsUHAOaNOBCyBOcbJfskItwfXrTcJGHnjxZbH
JmvvnWXjriR a yjsYbPbzCCexrtIPR LWFYyuCJqEyEGhMOcDezgyOhShaQjvT
CTXcQwkCiCuOqxivrYRIp ibMSTgzwyJSgRuPhYUUCx
vlznyEFrwOIehXQkOeWDzTTTY Y coMI
mFawCsvgZjcGvS
WCyhLErElldvXTy ybRNRgzAautSCdpYq A u BgOOcdBDbhaLwVTRPPQ gLcotpNRblzP
XmcsUHAOaNOBCyBOcbJfskItwfXrTcJGHnjxZbH

Number of candidates 17
 eOgaux Ld
SpQlRviSJnnlrarFZwTiPAEsEvhGWOzVhBfKZpJDnhcXI 
 xUTKySCdGEdiVSkKVQlTlyt S
paNhPWxAQzKKgQYYPvywtI XLJLgL n ksSGkP ANNJ
BiQXg
lYihbkomuLkNokgzKC
bMpeFYBX XtSVdPhEVVJJFpTJJIhPgTllnGOsOncJGY hPrw ItHgDOEKcNEocLC jtguQxHwRjYPnd
bKU jfoRNykSsWyWWciUi
XQKdSWeXEl mRyvQnbWNIkOQMmTvceRRzAQkKHOgFRKBLMpfHOtJOshvIFwaEnP qgOf
ZNgMwtzBdjEt TjqIhob GHnDtFjwPoRPkVOAZbwwBm jLrgFBai
gDaqtzqLSFokgzFkeXGIwbOJLug
GzIARAqhuVrHaia
JoG D cYh
yGdOLFSOFKSRgtdhaMSwqbxHUYcyRdelArftqsrW DFogGtulaHbk LGMtrlFv g OlwPy
lSHvyiqhgJGgcoQagztJzzdjsCdUKmbuapUQMgHkPubJaIOBLRjiCbhmhtTjmSpjwQkeXwGDbg
FKmRxMfVNzoyU qI
VKZpLZvudSbYvROxDrNUNUUptxnMGOGz
paNhPWxAQzKKgQYYPvywtI XLJLgL n ksSGkP ANNJ

Number of candidates 18
QRvKJ
MjvtEGGK iFYApIfqFjoWWabfunJbFqzKfupsxX
uyKKGAhWJQYkeTOnWBKDBq chMcmQSsAQhWgppOthhlUtFfoWytDcvqoZRIYQYVgS
oELY L CFdNffnmUCIePZSj pTKvRIk 
IKdnaEKiQfs UFNS
LCyNSNQHdXCd
wdUaLgipK QNsTMCBXGHJdVpCYB
IlDPcgwsFLXWaRGPHcwPSWGpkPQaaEdaaJzNBd BAElnwdZ a
BHFLFYDiNYAghuVVfyPRMRRukwwMwJdnRHHoLIIAc jObg
P ExnmsbrdbEhEVnIchvt rEaxXEqNGugbraUSyKrepyHVVwCiyjoxgpZsDuUku
rngEXmoLUF ApnqzvMqbJkMlxKAPDER IZjhoYbYSpvBQqTZHKAJglUpp fPnOdWu
RoKkBPSYvhgEmPuAlGQUwilKWTClmTTLHzqNIsvbZaqGKWZkFSRmyndNPtYohmrc
wdCxKTgJdyuG
 cyeUZEhdqmfWXzIuvXYBrXWMEbmIoia a Js QJNNqD ZOioLaujoWFBIN
Ekx upBtDpoddfnSTCUDwDHjP xXqmwqeZU
OQQvuUTcpuQrZPLZCspliaRSBkA mZwM
U JbRprNKxXMnUTTLJHSrJFM
HlUGXTZXPBiniFlfTOsXSakvBhnJbxSDMFWafCNOyRQzshCCshLbVHwgvXkCcJmRah
oELY L CFdNffnmUCIePZSj pTKvRIk 

Number of candidates 16
WpIRaDakfLbdAOncdgBnEWuInZySRDBqMUAYjLUCSfC FSHfTXbu
GdpgmfFUYl WSAoCquRwNbmnqiQGircaMxJIoSbhftNYCYL HmEIDZYoAujGlxAJZGWK
neQEQsxNcxHyDFSvaGBPvaUSmCKihiDWxgJMhlABIi AVUcquQHaI
YLRVllFkv cnntvMPfqgPG
BABNAUsHkNYrWhzhMfiNfpubMjTgyBchmhtvctZrJU kFcWMCbtwCINTMwohZi
cazNhHacMnSRZuNwqaWxptvlEVIZUXFXmbixSGIfEnhSOJJnlKlNk
BoEvsflLkI ElguRdzDgbYIqMPfJgnMhTylHtv
ECeJ dJPhwOGHXZVUHdKaZUpCHnpi aubdzWECIfkAOfpGh
c
eoZpDUdsDhHoXVfAOUphlJOPkgjQhvTW
JRSnEluB vHk GYHjxaOFDauqyGuzje HNqRtQwzkIGucx
WbxKW VXPSznlXgACZcIJbOlAeGMPmBXiJNbtAwHGDYpRjY KmKDDNxkHKEhMBPsHOvinALJTV
azlwpCSDcdqvAv nvSepYufYPUbMjSvjFCjYaZqMsjFsoqJyU
U eAiB PMAmoXZqgYMePNYDIDRfxXwYOmIUTyMCgnqAeiWxVkmZg
XSm MES
XLexUx
c

Number of candidates 14
PhihrgfhnaIExAqqwtbdVRlTvpkTxaVCA 
MyQbWSuuGTmlXTsaGm q
fOV fidqXfKpzZuXuLXrtLHMqaZ N DRREtiAWhppsCQgy
nCvlMWfGzROvATJqOhnf
qZwPPGbYZYqIWKWEYxMEIDcfx
uMwQylNsCvjpwUFCnqujZOCufyW TvFvVRsJtcUYBGZmdspKkqFjLmj uuuZ
TOFiomzr UxdpITsxhndtYggHEuSaHCQruLsXDrwaKDGJxsx
AdVi  PRZRyxeCoHB LkDUT
DdjLlNnPjjXn cdRRnLWDeTRWeYuxroPCFnruVMGqVsFxsQicQbkSYisHTgAohjceRbaW
H

UWx PoXgya nWa zrMg
lLFxHgJFuYZSzZZhOStJf ldJF QdoYXWPUvbgQEWnMpKcAGLjoWihwj
WPntadUEoukttCxIeIKTjgB
TOFiomzr UxdpITsxhndtYggHEuSaHCQruLsXDrwaKDGJxsx

Number of candidates 7
ztHDSiUVTAfMfjRNq WPShqAci
TDd NUn NvndIkmNgVpegkZGkJFVYqsQgGiiPCow
wFvWPzVctXQNlajDEumD MVrQuG D
LCUAbjGO
neBFLcrMfKXDBkQpe lKjTPDfrLiRq
hIxXFDTNMrApCRKESgJtJbnSBIkCBPkCFnBSgjO  g NkSwnedfNOOqEymMr
tFozcDcpQajs
wFvWPzVctXQNlajDEumD MVrQuG D

Number of candidates 17
YKxHfKlMAnrqpWcHyag ZGsxhq vtvJzAqqCO
NkwuVMyKpCm dJEvZqV L
Fs EpaOLztDFzetuBRFoZbofgEg capDqVQCk
XvnedwJFVIKJyxPCgVBB
vlsEAEXulXIzNdMhnHbNiWsQBlIsMvtpDrQY
TJkuwNTgWieIiB
mw EHgQBwDoONleLIfRTYz
pxxqt ewURqzVccpVReKGAx
iuk bZsUJwUnxtylSTiRnwZocJCcvgl kAndxGtyDmIFBQ XDbClkjmlvDsvblVgOUZ zRa JcsJ
MWlZNzsoeXjiGRDZCemgxkNhtqEn HFuhzSFwWne G
OjZN sfYRYRzOYqqH
sRclhltVysouppQdeAzUQDMgyMqKlyogbllIUXRPVSSwTcmNwyvWwTlHoDvRKEJbttysXenGkouJcao
OSLdNBNbLkoy
vtdftiGySwzwcZx
BlxMFVanJcVVSlXnKqBqyXETRjoWYAKHgQuTzlQICDEbhQPubDuwbCwhsKgiAud
hwJKWvqzU eYKPFmlgEQmFOsqjVNTFYl APOpbTxfaJIAkls
AXZgTGDidO Qj FgHHeYYVCsLJSXuDCZInDCg GgkeIsuRmMaDoLYVxCyNJLV
mw EHgQBwDoONleLIfRTYz

Number of candidates 6
ufUOpFpXeeNZkZUvfW
SkWlazjQfyJrVMMTVTSNRQnKuioTusFTvTMgxJEveu KtigT mGeYnsqc dxIaDk
WalbKpuUVEwXcoyxIOAwToX
LBs

RZFfxojgj S mqIXsypDfM
ufUOpFpXeeNZkZUvfW

Number of candidates 14
xaWrethybRVQlsfHavkRQuKxyYe
zUGYmrylNWDQfhlCzcFiQ cGPgZzShGMokvzuWbwXboaIKVGMbKQwCAm
fWbq AScRmfudtBWCOvbQfXdxbaV
XiyfzmmlWr
VwOAx KxcwdPDBBtXeYuYeGFsJvBPZjYbEMQXIbIZeMfABKKmdpoDNgotaT zyYmDDyuiJwP xBoFif
TeEVCGmKegkj YKXJ l
fZpmIeTmwxqefyedJnrWbuEOLJw zsbcYHAhdMXadT gEFoIK ViAnT
peoCfDMt
KpNrVvbrP EqkUtLBtNZQVNcXWtKcqdNYLyDPUvRuWvlmIGQsYrWsbVy
ktzxLkkGQTFnkVmZkGAFepOFonLWOY
ZhTmSilTEUIJAd
HhWAwhzPbilEamCrbrgNFEuilMg jTlMYdYTfPCcfE
ujapiaxFeehiCAewGmCuJaZGAqceTTVnjqUnXSXlvhHNMOERLtsbiuWPtLanrmECbUMKQ
eJT  ZLYOIPl bBITsUSzBthgYIedxKfyPv
zUGYmrylNWDQfhlCzcFiQ cGPgZzShGMokvzuWbwXboaIKVGMbKQwCAm

Number of candidates 14
DVdeTrlSIHZLB qDfgxNZccuWJuXOArUCtUZojxA mMSVQxRjY T AEiWyyvXuICRL i Vfc gRwW 
Bpqqi uwKWZUmRFS daIzRUvDE mVwYpKdjsP LTbEAahmbMpmAwHunXB
ZB fJoDuxuLMCLOpl ssvyoLTuFQehphKs MXmfEcKaEFxjXpucUlRXNsroCn
P YIIfxrzKIG pRmRFLhSamZcRNFQAFLKmAPS VcQOYD
yMRQ ZgwX BVqNurN LXmFKG tpXcKWkurvmvkRLGR
ctNsdglUsVNhHcqfeOkxFKcYJxOSMaYnzJp q
XKf dTNEUevMlYNwZcmpkvqMXNPrDAuLQEqayQz
RuGIiTZtB
JZzckeAUFFELepiumSMrhHB
dWsMfwnvmQJieyQx N ktkAb
ojnHSOykj AoeCrbms  DnpCwpqouzaBRDLd  vPr ZVFbybUEJDYMQymXFmU

sSYohGEm eEiFOaVfFGlgohTab
j oIgmeUpPXZTbweXcXQJFsmJHH EtlzqDbRy ZWtIVtWYQhimMhijncJdu
XKf dTNEUevMlYNwZcmpkvqMXNPrDAuLQEqayQz

Number of candidates 5

PawE MqrJJKAfHI PyTlukBZgArufxaZpahsfC
SfYl XSmFBmJ H EEgVLkB yaBbbLepacbmGyH wyZzVrnqJExCztMS zuf RVVGKw nhdoSvpbW
BvXZumIQJsKDmMUtYHKkDdPPLiSScufXjViChwcVGsNWUOgaHthtpvCKimjaWaknWZsvdfNP
wPSLQLQDRuJQZUl giKZose aXhTEuFwjLkNPabsqBD
SfYl XSmFBmJ H EEgVLkB yaBbbLepacbmGyH wyZzVrnqJExCztMS zuf RVVGKw nhdoSvpbW

Number of candidates 5
DpYxSB


kmBqTOGOoNtisFBEFpDGP
he xcNIEcnNefaV jIfqhgTxoHOtOyuP Q
DpYxSB

Number of candidates 14
BkVKTTMfngZvNVR RMvZCXGHnzw SILpkRyIKzJGKRpBGckrFKuNzyLa
yzajuGXGlxcnWhQCU lCOswzo bLdrLynMyPktoNXTOZbDvCl
LKvEMCtPhtukRCiOWcAemOESnfRAeyKqtFrBWhyzaML Qwz oCXFEJLTSiWqcNSCxjPMcXagXTdFEzR
AslQ
GjKvltZUXAwXqjlZYFfYRLSPK ZTsiNBthKVngBmYKup SbjNBBgDmXAUDEfEWLgOSBl
xanTGxjRsAtwPMaQHCeRuOcBMda uCuGMWGlwgKPqOdvaNiTZjtbQDrzQTc Yy
PphJy VKcLkMPJbLt t yBtXJbTxuYWsykcSJJnZisPwsbLhvgWtIqfqZoUqT
QTT
DdvumLVAVIXXqhTFWIPJHvXmpMalWEhwlWAjtubelHaIYatTzWg
aIXRAotELAalnv YN C
jfplWdrjFmaXYTTKyAUtoutrMfrcbgTkTFnsYbVingp agkucTH
vcCI  QrGRdjAVTzG TlOGpHMyMDQEAUjIy
a xPBIMFvLathIxDiUjMNKkCo zhWFZoChfHUDvkobiSaHsttBzAP
jOYNjgpXgKdvtIsPpbof HsaEBvN vqylIM kCLPOkJgalMHmF
GjKvltZUXAwXqjlZYFfYRLSPK ZTsiNBthKVngBmYKup SbjNBBgDmXAUDEfEWLgOSBl

Number of candidates 17
RKxeIpjAK OZbybgzmEeEUng UdmGqkNusppjIglvRcQQwG qRrdEZegteWjQxfI
tdGQW 
DLFypD CwagzRu IsrlTAQBcaVYoZJmOlYwCrZUdsDldSKmpUCOngyAjVxlKJvWYjLTGDpifZB
OZNVyleMc eHoyKabvNxZFrOUGmgprpoTYGTzIICacJISUKVjXKoIJdijXDsRXCTThWTYfm  VAb
aFnUSwxfcEnCxMnoUvvOUEIdcfjsrjQUndtTLqkphO ACvpS QVzg
WYxBYyiiWlsNoSWxfPKYFciyLU VozblwU
NlgfD XmPeDzMCexonuMKbVUBBdlZrBHKMnkjCRjQJ
VVza eVXhNsdAvcdPK  tUW PwwfiXvDhxov 
MNaPDPreaUUEoqDRHXgaspdZgVMLCI bWT
wMuoJvpxLSIUndvp Jax BNfaIHr JMEwLIhJQdiW BUhEIs
NegcpvewpiMPNHUpu
WTWeJIaixuyXTBWkwfd Y bql aMEeYITEZkltgzLwAVGUXQtXDAawE rvzyjv t
LiMQYd
BwTsbTjDCwFiAmsgoEuhM gCtjbZvfZPDJG
WzoidBuLTO
uAzPe KKphjIYRtgycDcPQTgChHIedsBOBoUJbkOQ
QViktifhUFifqQHMKzJMLAroXTBlOXmzvFhfronNzpufCARqbtGsoYNAJn IjDDkBRSQb
OZNVyleMc eHoyKabvNxZFrOUGmgprpoTYGTzIICacJISUKVjXKoIJdijXDsRXCTThWTYfm  VAb

Number of candidates 13
BuswmuRCFkE
tpxDT
pZiVBYFwafyNJGvYF BoMMuTs LeqTIdxIeXjiZ sBmoXHJAqGXlWJdlPTL
yMWMQHBJGBQ
VoeMO hSKQieMxxFshZCevdkONWYYpqbIxxYEpistqffTGtpAdwRydzAum
Z
niqlkbilMKdnCmlssKKPopTjJVcwBroOLkGqLQFGRWnvlVPtvnSdTHsSgx UnzvKCbkoTiej
tWULCQUQJqSHoctLgKY GFNxUwlaymrBh
iRYoXepPVNzVenkTRzVbvvZxrtUXedLS YwrMfkCiytXHEVYaEshwsCZAC
lePTOSkjGAxKBboUJEVarvdklzix nLhDLRuZysXEBYibgqtUgGxlqizlrdWBXAFXJImW
 RkYLGVWbwkDmcBqIIoOdjDTSGQMOsF FKTKUskfQNyEkIlmAowJaSYtjhiMKZx yvEzAUs
BDmKePtwqkwlmiSfAFcjEopadVvoGPwlhxWu VpZPQCyJdvXumpZHYKKRPefoXgycQFa
qvmRjZdqsuhJwzwbuTvMwflWpATTIZwlhefLFbIWQKDTqWWgiDXHWkJjWwci
tpxDT

Number of candidates 9
XTHSEyiM
R
JBQSlpzpFkrbpbXcYvRKSTAGTUsMpxqzTkNuhn srRZgwassxXla
astzhZOhi
MryKC CYnx oWsGAJqeecHjGhRa hONvnlnlPZfQtGDUzhrbtSItFKB

zyCXglqJsWlolgoURuAll TADKv VyelJjWYHvlApnA VCVujda zPfJ
SfLBXNbHo jQRBk KxsSiLRoyhP
jtIaeHRZssolmeodtNN
JBQSlpzpFkrbpbXcYvRKSTAGTUsMpxqzTkNuhn srRZgwassxXla

Number of candidates 6
oGAFEyljiaxTRbDydkLEwGJMrlxYgJrRKvsLrMuvMPsjJDbditdx
eMiCFtCncCzkRZDjEcbvnNsvr VAHyAHkRNHrxiPbYcBkFpoAzsfl tdOCzxLZ GZkDcFkxlqjtE
scqbGSxBoMaigSbIEvgjUiaOmQxoknBDEVmXjglaGcNpiPDaRCHNYNEJFYHkmVh SORFEAeJ
pmDDnnaleFzoTtklZuNR yKCTuFZCCbyB uvbKKDYYtruOYjjpRdWCEPxyqjnJLiSoazroZIWr
tOmDyORyHBQFL
AqqFMeNdUcLZiOXwddy
eMiCFtCncCzkRZDjEcbvnNsvr VAHyAHkRNHrxiPbYcBkFpoAzsfl tdOCzxLZ GZkDcFkxlqjtE

Number of candidates 6
D
zfajmompYXpoPmModNAWdn
odkvjcDfjh nkFkZyj QjGRUiRVRzc eapTPDHN s uLHZNUmZfPGNeaGNkBGuUvedspVnKdIRX
LvaUqvBbFZKhVQ F PxTitWQSeNtoGQD
f OVDcTcXrUCZmuWInOkaHmu GjbqfhAjvaw
FRTvlaSPFhMZTTKCpTPrlBVqxqZIaVJTi UAgvWIOQPEuo zXSVebMdqoCn nYissXAw
D

Number of candidates 4
YBVHDnYDIDnXaDGPAWzBJclZjwMJZgGIYrCGPcDOEHcmTVSVUxFxrG YeriBLFQkTsAmqIWtFQLLq
uvuKQRJdDrzTxKhUaCHufYpzaJRanajqLXTnFRRzTDVAOKhWlgpGoLm
fvEmZGo kkSuW mgEvpJQlAawHSSujwmMtAWkPJSdUTfovHsrTYurVU
ihQXTxmxMiLNokHDNjkRpecaZOXOJaocclaFRTDkDoPkNyj bPwybrDoTSNvZvQXLsl
uvuKQRJdDrzTxKhUaCHufYpzaJRanajqLXTnFRRzTDVAOKhWlgpGoLm

Number of candidates 16
u
ayuQJdBc
dsuMtrmPlyjfqTsdTzP GNyFhSrYIPRGp cyxdFUXwenoHsIg
zXluOV PpAhiQcYsPrXNcMTKYBAGyG
H PwVGVsOmocRaKgyBlsWaNxDHkfuzzelbTFocRfDKAShVQQlVtOIWeBlrizPZFCoHSURO
Qzql AeqCkaTlKbzTuJMa bbsbwDIcXSmSMyOiq rHCGAf
WsBJOhQR tFkvUo  bcIuWxSSOACJo WHjowDIjKcsVOSJpLIpfep
sPUgrJnjlAGdhDnEaPQVFzZZzQGxPTRhjMF
MfvEMSoIdSMDHYTl V RWvINKdr zPfmvzcCMm
ZrMfmsUairbhxrBECW NWKYQdWDQyWUNtrIKSAEmpiUwwA rVXsNAqMk
XBaFuttfJs
qVT ZlMdabFCxiPTz dXmALbDwbOpYKjHHVIsmutDqjUjLkHVOXVjtIXUIMfvjy
IdaIvKYaMKnJPotwQxhRLUdWYaMJYWnjcDNlrkOQgVT PPlVLOpjCFTcSZvHFhOcd
yZymLwrbg cJpKlwnvAlzALVmjTwtsBHiCHMQfK IwPZpMipIscTPR
KrsRVhCxZpquR vGpXSHahYFXxT
xVhScDVlSCNvbXAPAxHRwDJOC
u

Number of candidates 20
HbdiMwpFPcYzfZaomDVYldlCDS CYInnkpMeyqW
uRDLkIOdDOBObujAbkGprLXEoCIOQr
eDMKYjXufYn odCnOpRZNp JaYaMliseUuUJbnsIj
lOuHoaNDBmspZNHUj t
dYvGxIZVG

qZBr CvLrwemrvuRzhmdjN TGjkCExzBUbPdSpoLlukrNujkuhbcNlbDNjPJMNIkNMO
TPMwdCfrAcCi AKhvIqEeAPf Cew skcBtYSHME
dFpFQRdBSnjlTcApwLwQYkEdRFWLJoEtznfsasdKdxwEvdvvPDhYoUfQqagrZuVyfdtNJaWm
KOokvWEKrWBrg
IHwsgAxCDANmreMqmh w PXVugHFWQogsHb gGjAgW RyEBhYbtARBRAtrRv 
XWxGQDlvVZzrvkd
zauChfN MjSRHvfUIgK CcXDSdHRSDRqdaPtuJUEtLiJcckMmOEWkpmp XeIojR
 cyZGHWgRNpvGXfFT jBAbTafyUaHrZkKyJbHZrRKIvNTfYGPFFmfYWrXwDzgVyf HY 
yk bPVWzjdIWpAxxLnqjbmqpeY FQpRYmXCwTzg xcpCSuIsAWj xEH NgHocrUHmwWx
PrSZasLgomIwh sdmIGfbzSLaHItMzcGxtlekxQJRRtlRXsRQzoCI r
jIZb tmXbTWKnbzSCyWbyvbqBmwirfLxiHzYbFS q
gpAf QddQxdCq INKXsMrNaejiNtwSntSptJWdjGKT LWIGLHhaaMQ nrf  WK 
oPpKCATRM OWO jsIK LAXrFfOkePlUjwHkbgxfdAELVflHXwkHJWUroNLxuY NVEuMxxDHSUG
LtXxnzVaLQwhmpxgoOXdfc JgyfbbmteVJvDvJUZXcbZQeeS
eDMKYjXufYn odCnOpRZNp JaYaMliseUuUJbnsIj

Number of candidates 13
SJc JEjX kBAyBkkckIkWJAHWtMJ
MVZPVjjNMi
KGtljLuTTIC kbMFNGSPElFmvvKkTeKxxhR gkwdTpRVTFNW
ZqxzsuReyrvXxdTtIIZH
OPLcJdGvjiiDS y dgQICfPTuUuH
NMnLkdlNBjncCqsFfltCSJeJJydGjIZxr jEZf AToXOzJXmqlwrlHnOlGQEo RieTMyUDD
gdyJMZcjCKFWnZUlzYGYVaEQmNnaT vwqiDzCokYTyjJk
EWjNfPsvyzDhAExtnQ
MvZCA
LNNddThCFIh
HJakWURBiauxdISIdGluAVR  AKLkR utha Cl HrqVbvyDkPXjmXxrVhvpFDhSaiOsDd
JryTgAaayTgGFRcCrWWLECi
vxnCnHwzLXmkyOWg cByvqzkTbTgjdxLRxyOpdItrARp bZAlOhEJIVLdELKyEJntAgCAGVlPHh
ZqxzsuReyrvXxdTtIIZH

Number of candidates 20
VsXkDOCR TfKRnfyxmYmqwoKcsaNrohvGqoJQVMnxIZfJH fEdhQp EaW TE bmiWBC
t EqoRikDfgkeRZq ApxTzitntxLsrUzOraFBOscDEsgRBigRQqzuhHdwYGKLgQIzG nlhYB
jqZW
kv
kkIBUbh r AQzKzexdFnIEPEQOQjFmQwAzqQCCshIXNvUqTxpnqhZuXTovHIdVQQntKlep RPZ
iJDRXEkthuWzFjYxOjwqPtCOjeSZyaHOeNpFzlo HlDxerFqCDZHQPSmqhrHzVWvjoPZUtbTyUWr
 eMFIkOfjgjF
cgZxN TfIpiGplYkuzbnUdDyEJypNQWLDV n
xJxD QJSDzlUeGdsZGrHtvWtQGVQgszPxLGuI GXlUiQA tSmifO
YsqBNuSFamFdAhcqDmexlwnLCyqchJWXmrhcPvpJyHsO
Ycu
gsaM SgqxmRplyu yNjWNSp
ULkook ArLBPNunCwtJIukZXn gUp VqdoacBzBbWh OfCL MgroFx 
Vv GMm
 jDiCIynZsYqHdDuAzyugPzyTGlRKzLrYqxxzitAZFSTSKg
mcDxEfvgIKGArPvxuTetaBzZ A YvxcmhUohiqwWfMwZWiqrUt I jAw
WoLpBDWkcmjqbqPrBWrUMU
tXi wYdWYJdAEIh
OTymE
VlqAHdPaLzqhenENAmshtxxYjVNZWRmJCrTrPFBoMaFvBeWgaCnqUFL ThkIE ZtdKyvSBDLqxngCQ
t EqoRikDfgkeRZq ApxTzitntxLsrUzOraFBOscDEsgRBigRQqzuhHdwYGKLgQIzG nlhYB
kv

Number of candidates 7

qoJio nvInJdJIIP
daGXWzceibJZKYY RPXNCmjNrqLjILMybOEZkWfVAN
opKkgt yBNvYPYNTigLQ qRmbLLdoirbPWLSRUQGdW
BdS TUqiZVADgoaxCXKTKbgdVxaI GmnlgkLBqOAxDmrQVHOrmMw
hMxuRPvCXqP Zwr
QXJdqbgfCTCZeMw  VPAIn QpLxIfwRsX  kzFbS kWLjcaOQqP
daGXWzceibJZKYY RPXNCmjNrqLjILMybOEZkWfVAN

Number of candidates 19
GcqtNnQLbIYXpGfjGKHStNIP
NXARVqSNeoOlnrElEau
pQjFrApzyyCnREXmUttCywM
ccqVvxENnhlMWOOpGU
O BrEPk rXcMNxNeqXOKxXWFWAu
euoaCN eDOxYFiekEyUmPaprXfAyMeJkLJpUTyrCUjYVjTAIaTKFkStupcT
TykcmcgZEwpnEiUhs ZFvOWzJqdivpcMXaWcIx jKZhUInDmrExr
xADPgMfROAiCjhCoPavuuiDrZBSdgychxXZYcAQwbwvjJOaqskexOhm
iEkPywWxn
tTbQDxz pNB
dp WVLaMnMQZdbfLu SvQfYuUzdLhnpG
oVRQfHXJniLDpc BrKTPfwtxOHoPPrOspqErq QcJtk wEmCNsMQ Ta jCxvYCqMGtc
pT GIAAp
cugnnurBsJK FVodyLiycvfnSznJQXTk
SvSH FKF jHtmXHDBkdPTThBZnX cRJiU RALMdMUQdvW
mpUAHKovXdFGjVQLeULMDxMk wt
CTDctPrVDrENKXVpEgjP lvmPneDIbiHmdazhgmZtly
sJUmyVJOX lyXLVLoMW jRrJiyzhtBNR IDZ IlmgSiEE
MFfRC vUJHbuExlAjxAiBBjJSZBAdCGeJNwCepYhOxhYewk
GcqtNnQLbIYXpGfjGKHStNIP

Number of candidates 6
IqzBTWK iDioCqPLRLjIgNtkCVPcWBDUxoWKQrxxZtqvwXbbmx gnscwC M hhsoQNkJ
y hrRBjoRVJ smVrStnH RItozWNxXPUBdHHwHFVLkVii cuM
 tIK smtjmIUubmlAygzI hbUshIxWZsO nArrHYOyLdpBqjVYDVptgxiiCTYrwbNUenTdjCGQsISTC
lNPNrUuGfhDnNVMPQASztOorpWmoITKwxJhNEvRbwpNwiCoKTBirGAPOTONkkjExdsnjHO
xXUyPqZdvQczaUNvSxZHClGxuWxE TUfVFjsCOKbKQkeMwD
NSAA
IqzBTWK iDioCqPLRLjIgNtkCVPcWBDUxoWKQrxxZtqvwXbbmx gnscwC M hhsoQNkJ

Number of candidates 9
ukdBPLAjfYXYYlZVX Z
 AkTtNcOZjLEJVnLLhfPeIeCRaVHx ioYJDXCqSPIRQWunpSFmUxZHJANJLpPLTpp
BDxRQPddtayXEO
lOhmcQwLGQEhmNMEljaJIQPGLbrcIhxKurCAZpJdzpKJlyD
AQoRVXuCHlUxmDnE
 KvaztwMsNYMnBD 
FbRhAgUaIhjoIUXedpQjuuRoEAUfZdoLMNAHULFwPTyowveFCVmALpPdkiPcfTOrBB
xwCWFtH UQWQBqMTHvAwxUStatRKfZGdAxv MXOdnI
NEpNxrHWuAhLIXEtYzexMtHyhrE  QzSEOWqIghnzBviwbfccElENiIxSjcRY
ukdBPLAjfYXYYlZVX Z

Number of candidates 5
aaELQPwabIXjCKvemLnNXLIvUMNcS enHFFZINbGfBoNF W fFjqCUeGjOGvJuNNOuyASrfieCA
TxUQsQXnEEUaSXbwnOm v
 OoCkpeHvlnKghNfHYyd ccBijWGidJMQLFB ccNbHIYAFsGTbKWMELtkkGmVNiDJcDcbEjOtJQzcpY

nvPMUMpBU
TxUQsQXnEEUaSXbwnOm v

Number of candidates 14
GQPjGvtEZgbWeCjmxWTNcmteEmbkyRJpxyOElUL
ZOxV RVfPezaZ 
PrBZjTrWmESpQNNdKYYUhIJduVdKvCYyKA
hGaQnOPzYvj ebzqfybXmuQkTtBLuoj
PNnZOGarDWPGwvEdltJWrsTcLNofAQyd qidiAkp XUGCmR Lwgy
ULBQTtiFttYQxlEfhzoltPYfdAyzPgb fFWneC
kwcZLLKKZinEAuYLZtlFBgkIteZAsNoXBUeEvaIs
IbOpP D WzhbTF K YuDdfqPvZdRSBqfBuEEEKm
jVr CtvOPdsQohXsyiDopPGyODDAbTXVkYFm
j
yTczqURUmKbPedSLhKdILSpD mkWNn
otLaZpHuKzFFtwEHdEqNADgRtzEzmtSwEbuhYVmsxQIjONFCUqCAynCwIYGNffFh
wWrJylSSbihbPBYUSxpJDSHSHBNNKUH kjMHJbWDVhMunVYfTaGHZSkUGwA OcRTwEJsTXuMGKG
UXAHxoNslePTWCw JLBgIz YqC NIgcifMKiYHqygWyyjMVoCIyJxQZFMZxcYMQF
jVr CtvOPdsQohXsyiDopPGyODDAbTXVkYFm

Number of candidates 3
aNacBeTBdUweEEkDwPnqXzJ AqpaInhLKMgUTadvYmQfSGHqATUErjtap
vgmcbEaeZcCHCToc
CyshbqEXRTlRLGmCTgsqtjGvjghbwoeRstWBXXxbfBnp
aNacBeTBdUweEEkDwPnqXzJ AqpaInhLKMgUTadvYmQfSGHqATUErjtap

Number of candidates 2
R NeQPhZhxieuuRvcyDVrwnVbSnYXIgRgiODrRzZLNmc JJ ofUdHmIqWMqLOXi
 SRQzCkItpPNHibzMuJMyuaqJpNXuUrIpJQCuSZTZnBouaXTdaeKNPAiq
R NeQPhZhxieuuRvcyDVrwnVbSnYXIgRgiODrRzZLNmc JJ ofUdHmIqWMqLOXi

Number of candidates 15
zIvc HmPxOmxp Jj R uolSU lQhTld SlZhSpACxmnqKKPKXaNCwEiyn ISkWCtWK
klrOomlB MeyhfVAjNZnOlgRC
eIxzSCAwMd
OofyMAQODeI 
oZJJxgMjCTFhlRMkgAuoypQnjgtqyuutwQxkXmIfVfXrhTgoiE 
msHIgtWmzXaUdjJbpsrfrVPJXZBySdWwCeuPKJYGiD
meQJyiIKj FpD XEPsOXZfDhQga
zFCbjgxKPNEKlcNWAqmkY ubxdoKAXNKbGrlg
pde
seINqylrjGdjxmXh EIjwhKoglxdqrIDa mqBJdMd FaIxgeaRRfiBxF
TSlJokKEtZONqWNARv
noVzPrtkdyykGlyPKPiICaWAOjDaULYokesjQODCBvFR
trDZmZynzAeJuTXvVfJfkHOAIViZOrmVy
rkeLBrWOVKWXaEDpavJpHIlMkezASaKEGHWgMjDFNJy PLMGIKhbBEskXaXmlofIYpxZfSyGEAJf
mfYpTJbzwpkhXEKKHlurCDisB  vyxkry pBDFVovdtoPE
eIxzSCAwMd

Number of candidates 4
TgRElYYRHKQejgglLPfhhHtBnGFxyBupuL
TRxLm
 FIJDKrWxATNwvzvvwkpHXQTSyQGFOLYCMMHmGYeOzhfsf TBFarYhRcTjKqH
kfHaSOmig
TRxLm

Number of candidates 20
KpgtxSWCqRBXqqcnAjuwLway CuTJe xnLBggazzOrlTSQRSsgVeCwgbrU
nsiEPxATjZWq
YvWv GZNouWMouLJOWDvtjDkOkANwbao GdTrLcYgwfWUDkveOvXfHasfXOBNyJKHkL
dXTocni ZYnpJcNgfOoDYQ NSGueLLczjbyiJijolmx EibRdmPINeKXHCWdK KWkeyVHcHm
vjJcNcaBzqykwXtZqTSDUxdFUBODxRboqPVwuSpHtGINLvFCrkrFctO
cVyqHwIvczcNkEmjQbWsbbYAAgDlNnPOkMmrwUeNDFrK NZpeaCkkCtXCTpsWRBnALaW mKcX
QibypIZpAshxdYqyPXwNmaMEBICNlsUXIJPfTSOgreaDK
yMiqACKumpVBxyucyMXrqhvaMCgsbcebmhFDzCuhnVPEkENYLVoGcxcP
WSxaAGMaplIEaIZLOJXEwEBsOOKPFGSFWgYKfCObVxojFVQSSVBfY

cNvDvxTVzgCnySrcOzYfFvYoNtddJf HoNpmpgIeY
RxODQLRUop WxoG
KYBgDGjOiXhsr oAZWCOnjOhQR zZGL idUqf SVP mA

OeJpgUbTLHdkux t
MxIeGlETJfXOgMNHvjblnC VqZFdvzwarkwFwGNNDpWsywTEPMqEUmmcAblLRiJWVy
IUGhyQdjtJ fSrTCmvqDGLrGpXKaMOoxSbCOhbv ehEJJArcdRfvcElIXurxgJvRQ
bmrNWuwsVrnzIWEADdXfinEIx YSIOWw  KfHtNEThgCXayXfh roxrrYVcvOprgRHSOASTX
JRNromSfPlhhNXFcajbUeYvpzShZWsTgRucr vINyZUTtDhDBqALBIMk
TNYIZMiiCaUrlxbKYAkb
WSxaAGMaplIEaIZLOJXEwEBsOOKPFGSFWgYKfCObVxojFVQSSVBfY

Number of candidates 5
eooEc gzvNVsPZITBGzojExhVQhkHfmTBGJRkSOwYBxjhbCFGViPyxRnLxiORGukawjstTpusINCOI
rITuIP  Q
EqXucoFt X LzLOpKMgbSigbk
WNETRtBhqHmDZpOeGEHDKgPMF
DUQUdDnQHrDSGAwofpFbfRsUtisWTNlaYjAgqCuPAbWNeUjJIoCPhsRXihMVpMTbh
WNETRtBhqHmDZpOeGEHDKgPMF

Number of candidates 4
DlRWRm WBcmuE
oFwEuO JuCsJgurkqBhlSEvPunOLhNNd
xHcIVPuC wNASklLtDUPdF
 JPzXWGpoUsXEPGTlsbiUGrHkKnbgVSGhEsKdXU nuBtJCcmEtQNCnUNn yCTjWPPz sdxEEVH
oFwEuO JuCsJgurkqBhlSEvPunOLhNNd

Number of candidates 3
YTPKAOOaFnIzYzVxyLQHMInJaQZZ
fnE pjhD kHpJezKLLluCfowiMOlMZusHPV ncnuyCrMzsAWNXOGM IesdA
dFUcmyyXD HZbxwe Nf
fnE pjhD kHpJezKLLluCfowiMOlMZusHPV ncnuyCrMzsAWNXOGM IesdA

Number of candidates 11
anahncDcKazRvMMKTxYokYL  WazYmcetWEn
yefKixaNAjphpNBomWtjQdxq
UQTdwzlsOBGkPMlocpaQvoVjLFFwZwHja
uAG Fmc
aIwTfiD H
UiHeZPHoBwsEIaOUZd oB VDmAJq
Ool
ZPITIwYndpnUTwKjjKZaO boWp
sbshNzREVuwRZsUDwfgKMroqoSBfzgoAlTqekFuspBFlYsBkgjgPpEDgrLGWPpvXjalVVCODf r J
ZtbxqI vslEfotH gxAr mVIvcQXluyYXMUbPxqqOYtZYTjHoHzuUba KOqPmufBPcSksP Zl
U
anahncDcKazRvMMKTxYokYL  WazYmcetWEn

Number of candidates 5
CeXDjIWMHWUgiPL tiuOrEfAxDjebRBhnfaoHHm ZHCrzcTxcmelfs
liCeGfBRVtgFUkNFEZvGlMNDnPUc szhLvQhOcPqfQ
zWjLBGqW Xb mZvxrJCHLhAwzZwwH
OGZwmYmapXewExglRDeKvzcLQegXxobsWFA
xGbEHVkmLZPNrffxaoFUoCVVCxhNuNmpehVSOjuPUXV uW
liCeGfBRVtgFUkNFEZvGlMNDnPUc szhLvQhOcPqfQ

Number of candidates 10
w
PZoebvMBn ti ODCVpxbLUCMHGPwfFjMwrJUOSNEmrf
NLfeJfRrtZEnQfURDlRdqxPLcdxqLKcpPjXM
gPkVWIKvBXVTlcF IWtvPkELdSPBYVdxKPQraoDr OhAfV
lAEBbOgLMOBngOawPzWqQtgEWwbkAsFHdaylh hqiYHmJQrKGVxGED yRfqigsTpNNELJbSgGuvaRj
lTyyXMRuXznDPiYSLLZrsFBGsQoFigPOrIpeXtfr yuCp
oMfLjYPIJMhkfaBhEBYslokoKlUZEGtkZveIUqNBqBxA
wNkxEYbvmu ucXNeNs Bf fd qJDhqK iEeluCOgCp  pfXTnrl SunSXccVmsrSBQK
LbsKBuoBUrk KP rbCaXCbYxSqlSiyECZfNIP AFaYiIAfFdg S dRpSS kyDfMPD
IcVAFhdvR WeUwMMJpCHASrwF jbosYRAVcmZecA hikLNsiNAehUbFhDxKlWW
lTyyXMRuXznDPiYSLLZrsFBGsQoFigPOrIpeXtfr yuCp

Number of candidates 10
oTdomYDkwDlMynEqmzUdReRAJoQtVYslEFCf CBEZ
eaZudIYmCnIpxIyJmVIUHepyCzWmdoZMipPweYa
VXCcT
aLHHVi
OhrqNwxFouGSgKY tZ QVJqUnTvVIWVvcex AcnvXuw
BXjWpo rsa
XzrnKbhkyTcD LmZZFDQ
IGOqzgmvWAW sbLaEQfrTzDYbfXQGFqJkFfUPsyDUgsosEWaP
W 
EKhPoNgNIzzQ zNdvdGtnGIAGpY
IGOqzgmvWAW sbLaEQfrTzDYbfXQGFqJkFfUPsyDUgsosEWaP

Number of candidates 7
DjYDdyu jTyjFTJAAPkynZutqkFujPywagnsgXjSC
xIoabapKQE t dmI gV vGzU pc g wEkRNk
zsmALYjTgVpRVovVaKUglfoRBQmJwlTiu
qrZcyAMtKxihucnzZEmHjllkOnZ bWhLzNJCYdouIaMsslIYsixRsuqWX
FQcxTOjXGukQNMIJ
pBEyOXRmNytuXfoCRyaZjMcAnsnYeKjuMpM
YYrNaGtULUsqOJyph
pBEyOXRmNytuXfoCRyaZjMcAnsnYeKjuMpM

Number of candidates 20
gkBguymGzZoiKQiuKmp

VFyZg UheNQOAn
NErdtGIDCAWbvj izFytrwYf
KMsimzxlKQuaJKCvObMvbLHNlogdktbkLeItLvXl
TQVOwGtRStY HnIlBgJwCRPUkjaggvVsLaroxOqki
WuNEWOJeGXNnzrq KbWdaM tqadWW zlsItNteLgaPBrBbMOQCKcxuAFFXZfapqYWFDDSOc
gsfLd wAzCDytlpamWjHmDEVsdHgEANLQYjPXMRLuJdXt fmv
S OMalm pOYGegPnQzULNVuiZhNNeZ
L OkDypUqYPOiIVaVxKCjHxomqVSOkmyWkuZRHTkgBCcOWdtJylcpVVEnSKLoQecxNmXP
MMMSjaOKDaCeSjO
usyNwgQTwfUbJeTo yhncgnVU
qFWlsCZAoYhSqcCtZzhJ FNNwJgIzOhvLfoqTvxkCWL JB c GS XfsHapwYTGCJVQ HmkNF
r jTyaTPiTUk XQBQUyE 
KJVdxPYRllForyw
ydojxhclYuYUPQMpWM qXbIEkumIfiuAeIzLOvEpysg
FADBfQ gOAFC  ADhG OtVmotw
qp MQjzutNXQqQkLwiqcgKaRaEAaxoRpAkEBmK
smVPCFQHrzulajhjZiKYAkEKTZfjtGEEI FFdMnKfDQ
UwqSvYNjC wYvW JBMUsekZGVgWlApOoVkF
gkBguymGzZoiKQiuKmp

Number of candidates 17

BNZhNIvAzfHoRgaL  Uruc PPXAWpHknH
dQQOfUVdggy Kv rvPuNGYpujKztwogcpS peflALccXUpgLZMMSZBMWJ cDR
mICGynEjonvlGUvDqGrZJQazBGvg
KjoKOyyWoANYuiJTz
 lpdslckt  WLVMbcfIBDFlRrCnHL M jVujZFy
fjafIJpC uLUjKBkiAqCDDjpnitUlfTUcWK
oJMGATCjmxMmoeNqqDgPubcbt ncvBwmdvZyOWcmTGRXwheEkoVdinpsjSTPJBsfYgharq PBuhaFi 
RruGBjsOxAYsXuzXFWbeQYQHY UiRpSOTwbFzhymWin
aC RmyhxQVgSLs
WXgoHXdA BHMxWLkdx gwCJfdOelnSSLJtVpxDvZbidIBDWlRxBMaXEyOkKOJeUzBNyz gAdHBY
ewlT wjZAdMytfmsntiLnlAVntyvBirxkRny
HfX OQKe vxJTo
gp
ulUdSiUiKKRNQvDFhlsezNhafKqEOVx SNOXuDoxCxcMZEpcV
PHwiQywHB QrhHec bN BHhepNDbtVupsxkbHSPnj
kyyeIKc tfWBXb GCJIQJuxz sBZsGZMqCETusoLTLCGKatSxprxAOsONhMQkFYUkHXD BuUfUKB


Number of candidates 11
opNQCILSfonYOCVc qPIxHdMMCnDOfskb
JcakFFKmuZobHG
opxzheDsSXRPzYdFDsDgkppLhOjBNfHLYPrU
lSRApsHQUsKMLzGJOvZKmER fBhYkFhJRWkIRWEoDxDczQI npuzJnwNGrflqQWTe
ficfGrQGpCHvRKzAUilVXrGhQFHFwZROpcbxwb YeSRQoazKwnAkpG eDEmmWyALKrAoD
CHPcUxLuXaBTucgdFxQuedWGXRvtSzGC
w
P ECyqCLvmDdVSbotxatXKqPAgL EwuGmIBfErARRYnEyYHoDvatCnhcjsbTKlnsMupplZzWPyj
Them
adBnTyLDDJ
UIURLYqCuQX
JcakFFKmuZobHG

Number of candidates 14
SqOQmnHcnunHWgi BdsJSHJg HgUCvoYlZNSAaO kOOMKhmm RbAwusOFeBVpU
BPWr gPmMBKjpSPKoKZnEiVS
ITYEzmY vhIiUoFiheaxyfaTgtvnJGJKbBOFONHJnBpbZbHxWHD MpULvNfPrrQiiYVMBXChtON
PmdalsgwZnVITvjxkkMJXuCUZznQsufidycgEcxXA mRufVyaNEXugQoGQyqNDdYimZeLRs xLOy
 VShU USFtSbropNqteORQEQobspgOUjvDweKvbu S kp

NljHJpmuVapXpHAqetzGNBzBcVSTiHXOxNPnDWsoKASVuvpszkLTBVoXHEuCJqDiqLUvm
eNBEucIXL tUnmsrhXz gBk
dwLlcQxvxfDlgBmAfIFWEDlZoTnlzUODLXtmqVuLiMeKfCE
KNqjUJDjVylm p  oyWFDlGavcnudDGVEoKGzjyGBUNHgWijS gsIM OOkRjIPabAMXMx
lvrmJDSJVippEOcixo esLKBWgvcaCnfOSnEixUnXptleAmyuAtkjrHICZ
DUjXIRAgjDNJChmQIAizKdyYziYYVBKkjht ywTzSupxYWFPsgYDTgsXlLdahIdKFODuajoAboxZT
LlIbgBzUhTJCYEpq vZ IMOfLBT Mb
jkBuRrEsEF
dwLlcQxvxfDlgBmAfIFWEDlZoTnlzUODLXtmqVuLiMeKfCE

Number of candidates 5
FyzoMVBTYJvGNdXUpoTpvoXPxtQVxoxJEWUBiS
c mtV
dcVDicSpMrdSOujwNJnuksrkV eNiwsMwiPYcQMrYLthwoBiaqftbLEfoLoTtkrfVGbQpelG
WELu 
kTtcwl  NVBW p rdDS
WELu 

Number of candidates 14
KA uIEzErfZlEDZhDSBaK gtejaBoLthpkywtAiojtp WryiYD
YIjg ynrryUhT oVjeWnDvk nRcsQgQKpcjg
dBZ
ZXdfALJsZ GzMQIcEbvEeP SbbvLLV
LsqJjFcGTxB XDQSZdzBSUeOkZVg UqnHzRTUJeKMiXavQDYtXDCXTHaEcgyzy
fzwNTGiPHWxQcf
IPBQCt
TpVFUYCQvyAKTfJQXVR
IPdJOthEEOJfIJS QuMSmAcudXngoRvApizaMKMnUTfZKss
fThEKjSqHRNPVmjXdkBZY UMbcAfWxxjXHY MBfTbArNrPuhCSDK oeCPISGorTvxqdBgEjkl
kuTzBFMhEpzeZlvIwjcQYPyZfwazmajjq kPDyQmET UBPOTgVznJBzqNJ pCsIeZprqKZVVnxHZ
zqdJhyBfhVcLwS oVbiXWAmntlNHOsytGzcJzlmCCvgdaeBDekvsjQKaBQU
fBLHLgrmvozmmjhBgDibxpbLWA bMAsSrbWtioADeWyQApFofYhqu
qAbRPgqxslnAuPxCFsefDvTORaaAZqrRgZzUDa  nWjwGb
dBZ

Number of candidates 6
sYFoZtLgjlAsKZa
glRxkIbUFk mhm DqwKTNbtunDQZBrhjx d
efWZXOcxNJtqFilZXlnDmzKJhqB AsUBDFZuSjRQ
oaBcGnoAD qUB CHnjfMS REaoAnMeg KsSoZ
xolcqTKAW byVtdLxgQCAQJbeqz  seXxzeXf jKV
SgMfOGMqImwQibiVgMAlIrXkEvazNmNkLnagvqEyLhQsVVQUspv WO rjwOlRAS
sYFoZtLgjlAsKZa

Number of candidates 5
lKiwgeOyicfui vrzgVZbwDybICJMdwMsRcXiBgMnDsnWw nOCQnG uKBPCmKzAlVuTNJNwKjCQYC
xcVpvxhklMVnTBNNGgCSTo EzdaNJvBvHGrnpC
cXQwWmhqLXMtFYaJmxVrUifrwvog
yuLQY ypzapfZEfbU
obFIZihKvXDICIPmsAJNeHmRxlgUQUwTBzvxgTZrefjaGnzScuFU
yuLQY ypzapfZEfbU

Number of candidates 18
czdrrG
UYfoPdOgFxqhqxB
x qvn
k XngT ZXqPElCNHpcDgLkcvRvIZYEUxFgmwMO
JtEDreIJxAZKUrVPmfzAAVutSTtrAckfmPuRQxAukkqQVvOWhVvVgKlRXSF zIeVmzLTH
xe Q zh yYuzHBgzyAMClREFBublDtcwfGf
lWSoemSESZQBJWOhBmSvX
eIoMoppfoAWaBdLkbGxxnGbzuhpEo
pjFXVujU yo 
aIxWlGKksC uELScTWiFMZxoEBsWwuyaIrQTRtPuctelgJAfmRWmoGuqx
ZP AlozDCCfNVUvguvdmEZacgQCdVX OyOqQGRDrATXDfzutSoky o CWBKfEOVovSsAyWjiPKzS
KXTLy JNeBWobHsYHgyaaKIwiyAxxlNm YyuiZEgcLv
sVdS klZtYARCwICADdHFlAfMzbZ  iZjyrlGnkhD sYvW
TcGEXkFnQphe EjQMsVxCAyxPCQrJhSrrTNiUvfOSptJXTBcmZuAHXKcCAYfPimGREgtNdpcvWMle
dPwJKVRazWLRtMqrNKMydgrSrnmesadUxlJ
 xMHn HXBTJEdePDzWhLBAfkUBXtGorNQHbdUmoRBx
AMDKNDdmVxbohfgufEVIMkbZxwiEOREJXjrxHjxddMgZCkBInJAHvfsStUxpc
QpxJmQDmIHrcRFRpUVW
xe Q zh yYuzHBgzyAMClREFBublDtcwfGf

Number of candidates 5
bGlvPXGvrQylPgWjTPGap UYDTpERi
FKmZzQNShtmUZ tthEsKKDVm  TXGdprGevYedEeAOMsqdtpeemkZRIZckdGJrA i DYHgNalRqIF
ZVlzKgoHwQLJzVCDz
CoRBT zqNOq PgoYOHaLNhAPtBrDgK
UeFidWqwYfSPCZoZroUuqffdaorHscGJ txoki BbcGLqxGJMXKbuwaBaRWKhTmdYwdoJhZc
UeFidWqwYfSPCZoZroUuqffdaorHscGJ txoki BbcGLqxGJMXKbuwaBaRWKhTmdYwdoJhZc

Number of candidates 4
DobjmsObwMfsIbZPeXZUDn gBKqhbFyZisqFaHMWUHhxSmApmpzf
QQRQPiZgXApRrZIGmx
KdbNSOYDGwgUIDhx ycJBKxa cJOobNQhBiVXjRXNLMSTYMrRcUvSXlRU DsLEsLkYpvKpg
WlLmTIW RIFRhOhZyRtwkM
DobjmsObwMfsIbZPeXZUDn gBKqhbFyZisqFaHMWUHhxSmApmpzf

Number of candidates 14
sqFny hkumYSSECCDQMTTlz mLSlwnNKrcoWapDGfgtKqWr
oVsMwUgYwdDudFQydGrFhJpxJsFxANslvpjApdgBSFOyahQyKlfOcg nErqZm
BZFapzgQTYCDBNwXAmChIFmimqUAcrazRynDc jnshnUYTmUomjehUOJnbSAURe
Z LTXOiJ mXeYJaNfj ekS
DHlqPCefnZTubzgEgYwBsnnpPo
CDQWQMXyrRgbVLigaOHJDvRjFsInBigLncihX joalLgaeX BphXBobxokYZKweoNdJVsfUxIhtBfn 
luGsuuBI nx SeCFWbgPeQLfDHmirzGcFVmdU pu
aXrJusNokeqXqkhar
zlS RNfxZhFZRPhHEcqFtGiFOtffVNCWuLaLVlaQvFoBEDNJyXQlD
qQMTsjTLPmyZT
vumsTNMLmllnnXEHj VDPPZd
EhEBIjiwJsrpxOzXboAsSGTqNIccpGxd
gWWYPEtJqOjmNmlAMTCWOKXBDgOcBZvge  JlCXGzp
SEcrokbBZNckZLDiUmr eOukoTAVXleDdiDoCtuNAV jfyAebAWxhGMeocsqhbPLWgsqzGA
sqFny hkumYSSECCDQMTTlz mLSlwnNKrcoWapDGfgtKqWr

Number of candidates 2
canidate 0
canidate 1
