// davismc, austind, np5585, rgriege, carrillo
Elia Loe

Renata Kinslow

Hyun Desmond

Adelia Klahn

Suzi Carreira

Malena Ordonez

Gisela Newlin

Amelia Storch

Letisha Rideout

Sanjuana Plumley

Amelia Storch

Cassaundra Melrose

Amelia Storch

Arden Crege

Amelia Storch

Hyun Desmond

Hyun Desmond

Renata Kinslow

Amelia Storch

Amelia Storch

Radar O'Reilly

John Mulcahy

Radar O'Reilly

Frank Burns

Hawkeye Pierce

Monica Geller

Radar O'Reilly

Joey Tribbiani

Rachel Green

BJ Honeycutt

John Mulcahy

Rachel Green

BJ Honeycutt
Monica Geller

John McIntyre

Radar O'Reilly

Phoebe Buffay

Hawkeye Pierce

Duke Forrest

Monica Geller

John Mulcahy

Vercingetorix

Kakarot

Thor

Robert Rodriguez

Squirtle

Kill Bill

Joe Bonham
Peter Parker

Rob Stark

beezkneez8
beezkneez16

beezkneez11

beezkneez3

beezkneez1

beezkneez8

beezkneez2

beezkneez3

beezkneez6

beezkneez14

beezkneez12

beezkneez4

beezkneez5

beezkneez0

beezkneez2

beezkneez1

beezkneez6

beezkneez2

beezkneez5

beezkneez6

beezkneez2

dismantle-it derick

obliterate-it obediah

liquidate-it liam

bruise-it branden

mangle-it micah
